---------------------------------------------------------------
[ 2018-04-10T00:05:55+08:00 ] 103.45.103.50 187.120.128.188 GET /
[ info ] 103.45.103.50:80/ [运行时间：0.086511s][吞吐率：11.56req/s] [内存消耗：3,694.87kb] [文件加载：59]
[ info ] [ LANG ] D:\UPUPW_ANK_W64\WebRoot\Vhosts\web\thinkphp\lang\zh-cn.php
[ info ] [ ROUTE ] array (
  'type' => 'module',
  'module' => 
  array (
    0 => '',
    1 => NULL,
    2 => NULL,
  ),
)
[ info ] [ HEADER ] array (
  'connection' => 'close',
  'content-length' => '0',
  'user-agent' => 'Mozilla/5.0 (Windows NT 6.1; WOW64) AppleWebKit/537.36 (KHTML, like Gecko) Chrome/51.0.2704.103 Safari/537.36',
  'host' => '103.45.103.50:80',
)
[ info ] [ PARAM ] array (
)
[ info ] [ DB ] INIT mysql
[ info ] [ SESSION ] INIT array (
  'id' => '',
  'var_session_id' => '',
  'prefix' => 'think',
  'type' => '',
  'auto_start' => true,
)
[ info ] [ LOG ] INIT File
[ sql ] [ DB ] CONNECT:[ UseTime:0.002722s ] mysql:host=127.0.0.1;port=3306;dbname=anzhiquan1201_db;charset=utf8
[ sql ] [ SQL ] SHOW COLUMNS FROM `ysk_config` [ RunTime:0.002336s ]
[ sql ] [ SQL ] SELECT `name`,`value` FROM `ysk_config` WHERE  `group` = 1 [ RunTime:0.000875s ]
[ sql ] [ SQL ] SELECT `value`,`tip` FROM `ysk_config` WHERE  `name` = 'TOGGLE_WEB_SITE' LIMIT 1 [ RunTime:0.000723s ]
---------------------------------------------------------------
[ 2018-04-10T00:08:44+08:00 ] 103.45.103.50 170.238.250.227 GET /
[ info ] 103.45.103.50:80/ [运行时间：0.070236s][吞吐率：14.24req/s] [内存消耗：3,694.80kb] [文件加载：59]
[ info ] [ LANG ] D:\UPUPW_ANK_W64\WebRoot\Vhosts\web\thinkphp\lang\zh-cn.php
[ info ] [ ROUTE ] array (
  'type' => 'module',
  'module' => 
  array (
    0 => '',
    1 => NULL,
    2 => NULL,
  ),
)
[ info ] [ HEADER ] array (
  'connection' => 'close',
  'content-length' => '0',
  'user-agent' => 'Mozilla/5.0 (Macintosh; Intel Mac OS X 10_11_6) AppleWebKit/601.7.7 (KHTML, like Gecko) Version/9.1.2 Safari/601.7.7',
  'host' => '103.45.103.50:80',
)
[ info ] [ PARAM ] array (
)
[ info ] [ DB ] INIT mysql
[ info ] [ SESSION ] INIT array (
  'id' => '',
  'var_session_id' => '',
  'prefix' => 'think',
  'type' => '',
  'auto_start' => true,
)
[ info ] [ LOG ] INIT File
[ sql ] [ DB ] CONNECT:[ UseTime:0.011024s ] mysql:host=127.0.0.1;port=3306;dbname=anzhiquan1201_db;charset=utf8
[ sql ] [ SQL ] SHOW COLUMNS FROM `ysk_config` [ RunTime:0.002424s ]
[ sql ] [ SQL ] SELECT `name`,`value` FROM `ysk_config` WHERE  `group` = 1 [ RunTime:0.001051s ]
[ sql ] [ SQL ] SELECT `value`,`tip` FROM `ysk_config` WHERE  `name` = 'TOGGLE_WEB_SITE' LIMIT 1 [ RunTime:0.000744s ]
---------------------------------------------------------------
[ 2018-04-10T00:16:46+08:00 ] 103.45.103.50 31.132.71.35 GET /
[ info ] 103.45.103.50:80/ [运行时间：0.081314s][吞吐率：12.30req/s] [内存消耗：3,694.88kb] [文件加载：59]
[ info ] [ LANG ] D:\UPUPW_ANK_W64\WebRoot\Vhosts\web\thinkphp\lang\zh-cn.php
[ info ] [ ROUTE ] array (
  'type' => 'module',
  'module' => 
  array (
    0 => '',
    1 => NULL,
    2 => NULL,
  ),
)
[ info ] [ HEADER ] array (
  'connection' => 'close',
  'content-length' => '0',
  'user-agent' => 'Mozilla/5.0 (Windows NT 10.0; WOW64) AppleWebKit/537.36 (KHTML, like Gecko) Chrome/52.0.2743.116 Safari/537.36',
  'host' => '103.45.103.50:80',
)
[ info ] [ PARAM ] array (
)
[ info ] [ DB ] INIT mysql
[ info ] [ SESSION ] INIT array (
  'id' => '',
  'var_session_id' => '',
  'prefix' => 'think',
  'type' => '',
  'auto_start' => true,
)
[ info ] [ LOG ] INIT File
[ sql ] [ DB ] CONNECT:[ UseTime:0.002376s ] mysql:host=127.0.0.1;port=3306;dbname=anzhiquan1201_db;charset=utf8
[ sql ] [ SQL ] SHOW COLUMNS FROM `ysk_config` [ RunTime:0.001568s ]
[ sql ] [ SQL ] SELECT `name`,`value` FROM `ysk_config` WHERE  `group` = 1 [ RunTime:0.000801s ]
[ sql ] [ SQL ] SELECT `value`,`tip` FROM `ysk_config` WHERE  `name` = 'TOGGLE_WEB_SITE' LIMIT 1 [ RunTime:0.000602s ]
---------------------------------------------------------------
[ 2018-04-10T00:58:13+08:00 ] 103.45.103.50 84.232.249.29 GET /
[ info ] 103.45.103.50:80/ [运行时间：0.086096s][吞吐率：11.61req/s] [内存消耗：3,694.88kb] [文件加载：59]
[ info ] [ LANG ] D:\UPUPW_ANK_W64\WebRoot\Vhosts\web\thinkphp\lang\zh-cn.php
[ info ] [ ROUTE ] array (
  'type' => 'module',
  'module' => 
  array (
    0 => '',
    1 => NULL,
    2 => NULL,
  ),
)
[ info ] [ HEADER ] array (
  'connection' => 'close',
  'content-length' => '0',
  'user-agent' => 'Mozilla/5.0 (Windows NT 6.1; WOW64) AppleWebKit/537.36 (KHTML, like Gecko) Chrome/52.0.2743.116 Safari/537.36',
  'host' => '103.45.103.50:80',
)
[ info ] [ PARAM ] array (
)
[ info ] [ DB ] INIT mysql
[ info ] [ SESSION ] INIT array (
  'id' => '',
  'var_session_id' => '',
  'prefix' => 'think',
  'type' => '',
  'auto_start' => true,
)
[ info ] [ LOG ] INIT File
[ sql ] [ DB ] CONNECT:[ UseTime:0.002401s ] mysql:host=127.0.0.1;port=3306;dbname=anzhiquan1201_db;charset=utf8
[ sql ] [ SQL ] SHOW COLUMNS FROM `ysk_config` [ RunTime:0.001614s ]
[ sql ] [ SQL ] SELECT `name`,`value` FROM `ysk_config` WHERE  `group` = 1 [ RunTime:0.000751s ]
[ sql ] [ SQL ] SELECT `value`,`tip` FROM `ysk_config` WHERE  `name` = 'TOGGLE_WEB_SITE' LIMIT 1 [ RunTime:0.000601s ]
---------------------------------------------------------------
[ 2018-04-10T01:22:05+08:00 ] 103.45.103.50 91.150.34.25 GET /
[ info ] 103.45.103.50:80/ [运行时间：0.077193s][吞吐率：12.95req/s] [内存消耗：3,694.88kb] [文件加载：59]
[ info ] [ LANG ] D:\UPUPW_ANK_W64\WebRoot\Vhosts\web\thinkphp\lang\zh-cn.php
[ info ] [ ROUTE ] array (
  'type' => 'module',
  'module' => 
  array (
    0 => '',
    1 => NULL,
    2 => NULL,
  ),
)
[ info ] [ HEADER ] array (
  'connection' => 'close',
  'content-length' => '0',
  'user-agent' => 'Mozilla/5.0 (Windows NT 6.1; WOW64) AppleWebKit/537.36 (KHTML, like Gecko) Chrome/52.0.2743.116 Safari/537.36',
  'host' => '103.45.103.50:80',
)
[ info ] [ PARAM ] array (
)
[ info ] [ DB ] INIT mysql
[ info ] [ SESSION ] INIT array (
  'id' => '',
  'var_session_id' => '',
  'prefix' => 'think',
  'type' => '',
  'auto_start' => true,
)
[ info ] [ LOG ] INIT File
[ sql ] [ DB ] CONNECT:[ UseTime:0.002647s ] mysql:host=127.0.0.1;port=3306;dbname=anzhiquan1201_db;charset=utf8
[ sql ] [ SQL ] SHOW COLUMNS FROM `ysk_config` [ RunTime:0.001974s ]
[ sql ] [ SQL ] SELECT `name`,`value` FROM `ysk_config` WHERE  `group` = 1 [ RunTime:0.000859s ]
[ sql ] [ SQL ] SELECT `value`,`tip` FROM `ysk_config` WHERE  `name` = 'TOGGLE_WEB_SITE' LIMIT 1 [ RunTime:0.000668s ]
---------------------------------------------------------------
[ 2018-04-10T01:58:50+08:00 ] 103.45.103.50 103.30.87.78 GET /
[ info ] 103.45.103.50:80/ [运行时间：0.093242s][吞吐率：10.72req/s] [内存消耗：3,694.88kb] [文件加载：59]
[ info ] [ LANG ] D:\UPUPW_ANK_W64\WebRoot\Vhosts\web\thinkphp\lang\zh-cn.php
[ info ] [ ROUTE ] array (
  'type' => 'module',
  'module' => 
  array (
    0 => '',
    1 => NULL,
    2 => NULL,
  ),
)
[ info ] [ HEADER ] array (
  'connection' => 'close',
  'content-length' => '0',
  'user-agent' => 'Mozilla/5.0 (Windows NT 6.1; WOW64) AppleWebKit/537.36 (KHTML, like Gecko) Chrome/52.0.2743.116 Safari/537.36',
  'host' => '103.45.103.50:80',
)
[ info ] [ PARAM ] array (
)
[ info ] [ DB ] INIT mysql
[ info ] [ SESSION ] INIT array (
  'id' => '',
  'var_session_id' => '',
  'prefix' => 'think',
  'type' => '',
  'auto_start' => true,
)
[ info ] [ LOG ] INIT File
[ sql ] [ DB ] CONNECT:[ UseTime:0.003345s ] mysql:host=127.0.0.1;port=3306;dbname=anzhiquan1201_db;charset=utf8
[ sql ] [ SQL ] SHOW COLUMNS FROM `ysk_config` [ RunTime:0.002224s ]
[ sql ] [ SQL ] SELECT `name`,`value` FROM `ysk_config` WHERE  `group` = 1 [ RunTime:0.000978s ]
[ sql ] [ SQL ] SELECT `value`,`tip` FROM `ysk_config` WHERE  `name` = 'TOGGLE_WEB_SITE' LIMIT 1 [ RunTime:0.000749s ]
---------------------------------------------------------------
[ 2018-04-10T02:31:29+08:00 ] 103.45.103.50 176.110.146.66 GET /
[ info ] 103.45.103.50:80/ [运行时间：0.093592s][吞吐率：10.68req/s] [内存消耗：3,694.88kb] [文件加载：59]
[ info ] [ LANG ] D:\UPUPW_ANK_W64\WebRoot\Vhosts\web\thinkphp\lang\zh-cn.php
[ info ] [ ROUTE ] array (
  'type' => 'module',
  'module' => 
  array (
    0 => '',
    1 => NULL,
    2 => NULL,
  ),
)
[ info ] [ HEADER ] array (
  'connection' => 'close',
  'content-length' => '0',
  'user-agent' => 'Mozilla/5.0 (Windows NT 10.0; WOW64) AppleWebKit/537.36 (KHTML, like Gecko) Chrome/52.0.2743.116 Safari/537.36',
  'host' => '103.45.103.50:80',
)
[ info ] [ PARAM ] array (
)
[ info ] [ DB ] INIT mysql
[ info ] [ SESSION ] INIT array (
  'id' => '',
  'var_session_id' => '',
  'prefix' => 'think',
  'type' => '',
  'auto_start' => true,
)
[ info ] [ LOG ] INIT File
[ sql ] [ DB ] CONNECT:[ UseTime:0.002905s ] mysql:host=127.0.0.1;port=3306;dbname=anzhiquan1201_db;charset=utf8
[ sql ] [ SQL ] SHOW COLUMNS FROM `ysk_config` [ RunTime:0.002095s ]
[ sql ] [ SQL ] SELECT `name`,`value` FROM `ysk_config` WHERE  `group` = 1 [ RunTime:0.001044s ]
[ sql ] [ SQL ] SELECT `value`,`tip` FROM `ysk_config` WHERE  `name` = 'TOGGLE_WEB_SITE' LIMIT 1 [ RunTime:0.000770s ]
---------------------------------------------------------------
[ 2018-04-10T02:51:20+08:00 ] 103.45.103.50 80.82.78.50 GET http://www.baidu.com/cache/global/img/gs.gif
[ info ] www.baidu.comhttp://www.baidu.com/cache/global/img/gs.gif [运行时间：0.051170s][吞吐率：19.54req/s] [内存消耗：1,907.41kb] [文件加载：40]
[ info ] [ LANG ] D:\UPUPW_ANK_W64\WebRoot\Vhosts\web\thinkphp\lang\zh-cn.php
[ info ] [ ROUTE ] array (
  'type' => 'module',
  'module' => 
  array (
    0 => 'cache',
    1 => 'global',
    2 => 'img',
  ),
)
[ info ] [ HEADER ] array (
  'connection' => 'close',
  'if-modified-since' => 'Thu, 19 Apr 2012 09:51:20 GMT',
  'user-agent' => 'Mozilla',
  'host' => 'www.baidu.com',
)
[ info ] [ PARAM ] array (
)
[ info ] [ LOG ] INIT File
---------------------------------------------------------------
[ 2018-04-10T03:41:57+08:00 ] 103.45.103.50 60.191.38.78 GET /
[ info ] 103.45.103.50:80/ [运行时间：0.080273s][吞吐率：12.46req/s] [内存消耗：3,694.70kb] [文件加载：59]
[ info ] [ LANG ] D:\UPUPW_ANK_W64\WebRoot\Vhosts\web\thinkphp\lang\zh-cn.php
[ info ] [ ROUTE ] array (
  'type' => 'module',
  'module' => 
  array (
    0 => '',
    1 => NULL,
    2 => NULL,
  ),
)
[ info ] [ HEADER ] array (
  'connection' => 'close',
  'accept' => 'text/html,application/xhtml+xml,application/xml;q=0.9,*/*;q=0.8',
  'user-agent' => 'Mozilla/5.0 (Macintosh; Intel Mac OS X 10.11; rv:47.0) Gecko/20100101 Firefox/47.0',
  'host' => '103.45.103.50:80',
)
[ info ] [ PARAM ] array (
)
[ info ] [ DB ] INIT mysql
[ info ] [ SESSION ] INIT array (
  'id' => '',
  'var_session_id' => '',
  'prefix' => 'think',
  'type' => '',
  'auto_start' => true,
)
[ info ] [ LOG ] INIT File
[ sql ] [ DB ] CONNECT:[ UseTime:0.002790s ] mysql:host=127.0.0.1;port=3306;dbname=anzhiquan1201_db;charset=utf8
[ sql ] [ SQL ] SHOW COLUMNS FROM `ysk_config` [ RunTime:0.001825s ]
[ sql ] [ SQL ] SELECT `name`,`value` FROM `ysk_config` WHERE  `group` = 1 [ RunTime:0.000737s ]
[ sql ] [ SQL ] SELECT `value`,`tip` FROM `ysk_config` WHERE  `name` = 'TOGGLE_WEB_SITE' LIMIT 1 [ RunTime:0.000709s ]
---------------------------------------------------------------
[ 2018-04-10T04:08:57+08:00 ] 103.45.103.50 79.8.21.177 GET /
[ info ] 103.45.103.50:80/ [运行时间：0.084146s][吞吐率：11.88req/s] [内存消耗：3,694.88kb] [文件加载：59]
[ info ] [ LANG ] D:\UPUPW_ANK_W64\WebRoot\Vhosts\web\thinkphp\lang\zh-cn.php
[ info ] [ ROUTE ] array (
  'type' => 'module',
  'module' => 
  array (
    0 => '',
    1 => NULL,
    2 => NULL,
  ),
)
[ info ] [ HEADER ] array (
  'connection' => 'close',
  'content-length' => '0',
  'user-agent' => 'Mozilla/5.0 (Windows NT 6.1; WOW64) AppleWebKit/537.36 (KHTML, like Gecko) Chrome/51.0.2704.103 Safari/537.36',
  'host' => '103.45.103.50:80',
)
[ info ] [ PARAM ] array (
)
[ info ] [ DB ] INIT mysql
[ info ] [ SESSION ] INIT array (
  'id' => '',
  'var_session_id' => '',
  'prefix' => 'think',
  'type' => '',
  'auto_start' => true,
)
[ info ] [ LOG ] INIT File
[ sql ] [ DB ] CONNECT:[ UseTime:0.002778s ] mysql:host=127.0.0.1;port=3306;dbname=anzhiquan1201_db;charset=utf8
[ sql ] [ SQL ] SHOW COLUMNS FROM `ysk_config` [ RunTime:0.002268s ]
[ sql ] [ SQL ] SELECT `name`,`value` FROM `ysk_config` WHERE  `group` = 1 [ RunTime:0.000941s ]
[ sql ] [ SQL ] SELECT `value`,`tip` FROM `ysk_config` WHERE  `name` = 'TOGGLE_WEB_SITE' LIMIT 1 [ RunTime:0.000684s ]
---------------------------------------------------------------
[ 2018-04-10T04:49:07+08:00 ] 103.45.103.50 201.236.215.241 GET /
[ info ] 103.45.103.50:80/ [运行时间：0.096557s][吞吐率：10.36req/s] [内存消耗：3,694.88kb] [文件加载：59]
[ info ] [ LANG ] D:\UPUPW_ANK_W64\WebRoot\Vhosts\web\thinkphp\lang\zh-cn.php
[ info ] [ ROUTE ] array (
  'type' => 'module',
  'module' => 
  array (
    0 => '',
    1 => NULL,
    2 => NULL,
  ),
)
[ info ] [ HEADER ] array (
  'connection' => 'close',
  'content-length' => '0',
  'user-agent' => 'Mozilla/5.0 (Windows NT 6.1; WOW64) AppleWebKit/537.36 (KHTML, like Gecko) Chrome/52.0.2743.116 Safari/537.36',
  'host' => '103.45.103.50:80',
)
[ info ] [ PARAM ] array (
)
[ info ] [ DB ] INIT mysql
[ info ] [ SESSION ] INIT array (
  'id' => '',
  'var_session_id' => '',
  'prefix' => 'think',
  'type' => '',
  'auto_start' => true,
)
[ info ] [ LOG ] INIT File
[ sql ] [ DB ] CONNECT:[ UseTime:0.011356s ] mysql:host=127.0.0.1;port=3306;dbname=anzhiquan1201_db;charset=utf8
[ sql ] [ SQL ] SHOW COLUMNS FROM `ysk_config` [ RunTime:0.002195s ]
[ sql ] [ SQL ] SELECT `name`,`value` FROM `ysk_config` WHERE  `group` = 1 [ RunTime:0.001083s ]
[ sql ] [ SQL ] SELECT `value`,`tip` FROM `ysk_config` WHERE  `name` = 'TOGGLE_WEB_SITE' LIMIT 1 [ RunTime:0.000726s ]
---------------------------------------------------------------
[ 2018-04-10T04:53:26+08:00 ] 103.45.103.50 187.34.190.28 GET /
[ info ] 103.45.103.50:80/ [运行时间：0.068023s][吞吐率：14.70req/s] [内存消耗：3,695.06kb] [文件加载：59]
[ info ] [ LANG ] D:\UPUPW_ANK_W64\WebRoot\Vhosts\web\thinkphp\lang\zh-cn.php
[ info ] [ ROUTE ] array (
  'type' => 'module',
  'module' => 
  array (
    0 => '',
    1 => NULL,
    2 => NULL,
  ),
)
[ info ] [ HEADER ] array (
  'connection' => 'close',
  'content-length' => '0',
  'user-agent' => 'Mozilla/5.0 (Windows NT 6.1; WOW64) AppleWebKit/537.36 (KHTML, like Gecko) Chrome/52.0.2743.116 Safari/537.36',
  'host' => '103.45.103.50:80',
)
[ info ] [ PARAM ] array (
)
[ info ] [ DB ] INIT mysql
[ info ] [ SESSION ] INIT array (
  'id' => '',
  'var_session_id' => '',
  'prefix' => 'think',
  'type' => '',
  'auto_start' => true,
)
[ info ] [ LOG ] INIT File
[ sql ] [ DB ] CONNECT:[ UseTime:0.010236s ] mysql:host=127.0.0.1;port=3306;dbname=anzhiquan1201_db;charset=utf8
[ sql ] [ SQL ] SHOW COLUMNS FROM `ysk_config` [ RunTime:0.002294s ]
[ sql ] [ SQL ] SELECT `name`,`value` FROM `ysk_config` WHERE  `group` = 1 [ RunTime:0.000926s ]
[ sql ] [ SQL ] SELECT `value`,`tip` FROM `ysk_config` WHERE  `name` = 'TOGGLE_WEB_SITE' LIMIT 1 [ RunTime:0.000713s ]
---------------------------------------------------------------
[ 2018-04-10T05:34:06+08:00 ] 103.45.103.50 178.46.128.226 GET /
[ info ] 103.45.103.50:80/ [运行时间：0.101416s][吞吐率：9.86req/s] [内存消耗：3,694.88kb] [文件加载：59]
[ info ] [ LANG ] D:\UPUPW_ANK_W64\WebRoot\Vhosts\web\thinkphp\lang\zh-cn.php
[ info ] [ ROUTE ] array (
  'type' => 'module',
  'module' => 
  array (
    0 => '',
    1 => NULL,
    2 => NULL,
  ),
)
[ info ] [ HEADER ] array (
  'connection' => 'close',
  'content-length' => '0',
  'user-agent' => 'Mozilla/5.0 (Windows NT 10.0; WOW64) AppleWebKit/537.36 (KHTML, like Gecko) Chrome/51.0.2704.103 Safari/537.36',
  'host' => '103.45.103.50:80',
)
[ info ] [ PARAM ] array (
)
[ info ] [ DB ] INIT mysql
[ info ] [ SESSION ] INIT array (
  'id' => '',
  'var_session_id' => '',
  'prefix' => 'think',
  'type' => '',
  'auto_start' => true,
)
[ info ] [ LOG ] INIT File
[ sql ] [ DB ] CONNECT:[ UseTime:0.002481s ] mysql:host=127.0.0.1;port=3306;dbname=anzhiquan1201_db;charset=utf8
[ sql ] [ SQL ] SHOW COLUMNS FROM `ysk_config` [ RunTime:0.002589s ]
[ sql ] [ SQL ] SELECT `name`,`value` FROM `ysk_config` WHERE  `group` = 1 [ RunTime:0.000958s ]
[ sql ] [ SQL ] SELECT `value`,`tip` FROM `ysk_config` WHERE  `name` = 'TOGGLE_WEB_SITE' LIMIT 1 [ RunTime:0.000769s ]
---------------------------------------------------------------
[ 2018-04-10T05:41:32+08:00 ] 103.45.103.50 201.42.110.8 GET /
[ info ] 103.45.103.50:80/ [运行时间：0.081273s][吞吐率：12.30req/s] [内存消耗：3,694.88kb] [文件加载：59]
[ info ] [ LANG ] D:\UPUPW_ANK_W64\WebRoot\Vhosts\web\thinkphp\lang\zh-cn.php
[ info ] [ ROUTE ] array (
  'type' => 'module',
  'module' => 
  array (
    0 => '',
    1 => NULL,
    2 => NULL,
  ),
)
[ info ] [ HEADER ] array (
  'connection' => 'close',
  'content-length' => '0',
  'user-agent' => 'Mozilla/5.0 (Windows NT 6.1; WOW64) AppleWebKit/537.36 (KHTML, like Gecko) Chrome/51.0.2704.103 Safari/537.36',
  'host' => '103.45.103.50:80',
)
[ info ] [ PARAM ] array (
)
[ info ] [ DB ] INIT mysql
[ info ] [ SESSION ] INIT array (
  'id' => '',
  'var_session_id' => '',
  'prefix' => 'think',
  'type' => '',
  'auto_start' => true,
)
[ info ] [ LOG ] INIT File
[ sql ] [ DB ] CONNECT:[ UseTime:0.002522s ] mysql:host=127.0.0.1;port=3306;dbname=anzhiquan1201_db;charset=utf8
[ sql ] [ SQL ] SHOW COLUMNS FROM `ysk_config` [ RunTime:0.001548s ]
[ sql ] [ SQL ] SELECT `name`,`value` FROM `ysk_config` WHERE  `group` = 1 [ RunTime:0.000836s ]
[ sql ] [ SQL ] SELECT `value`,`tip` FROM `ysk_config` WHERE  `name` = 'TOGGLE_WEB_SITE' LIMIT 1 [ RunTime:0.000677s ]
---------------------------------------------------------------
[ 2018-04-10T06:31:55+08:00 ] 103.45.103.50 60.191.38.78 GET /
[ info ] 103.45.103.50:80/ [运行时间：0.066659s][吞吐率：15.00req/s] [内存消耗：3,694.70kb] [文件加载：59]
[ info ] [ LANG ] D:\UPUPW_ANK_W64\WebRoot\Vhosts\web\thinkphp\lang\zh-cn.php
[ info ] [ ROUTE ] array (
  'type' => 'module',
  'module' => 
  array (
    0 => '',
    1 => NULL,
    2 => NULL,
  ),
)
[ info ] [ HEADER ] array (
  'connection' => 'close',
  'accept' => 'text/html,application/xhtml+xml,application/xml;q=0.9,*/*;q=0.8',
  'user-agent' => 'Mozilla/5.0 (Macintosh; Intel Mac OS X 10.11; rv:47.0) Gecko/20100101 Firefox/47.0',
  'host' => '103.45.103.50:80',
)
[ info ] [ PARAM ] array (
)
[ info ] [ DB ] INIT mysql
[ info ] [ SESSION ] INIT array (
  'id' => '',
  'var_session_id' => '',
  'prefix' => 'think',
  'type' => '',
  'auto_start' => true,
)
[ info ] [ LOG ] INIT File
[ sql ] [ DB ] CONNECT:[ UseTime:0.002538s ] mysql:host=127.0.0.1;port=3306;dbname=anzhiquan1201_db;charset=utf8
[ sql ] [ SQL ] SHOW COLUMNS FROM `ysk_config` [ RunTime:0.001992s ]
[ sql ] [ SQL ] SELECT `name`,`value` FROM `ysk_config` WHERE  `group` = 1 [ RunTime:0.000823s ]
[ sql ] [ SQL ] SELECT `value`,`tip` FROM `ysk_config` WHERE  `name` = 'TOGGLE_WEB_SITE' LIMIT 1 [ RunTime:0.000524s ]
---------------------------------------------------------------
[ 2018-04-10T07:13:02+08:00 ] 103.45.103.50 200.158.171.103 GET /
[ info ] 103.45.103.50:80/ [运行时间：0.085009s][吞吐率：11.76req/s] [内存消耗：3,694.88kb] [文件加载：59]
[ info ] [ LANG ] D:\UPUPW_ANK_W64\WebRoot\Vhosts\web\thinkphp\lang\zh-cn.php
[ info ] [ ROUTE ] array (
  'type' => 'module',
  'module' => 
  array (
    0 => '',
    1 => NULL,
    2 => NULL,
  ),
)
[ info ] [ HEADER ] array (
  'connection' => 'close',
  'content-length' => '0',
  'user-agent' => 'Mozilla/5.0 (Windows NT 6.1; WOW64) AppleWebKit/537.36 (KHTML, like Gecko) Chrome/51.0.2704.103 Safari/537.36',
  'host' => '103.45.103.50:80',
)
[ info ] [ PARAM ] array (
)
[ info ] [ DB ] INIT mysql
[ info ] [ SESSION ] INIT array (
  'id' => '',
  'var_session_id' => '',
  'prefix' => 'think',
  'type' => '',
  'auto_start' => true,
)
[ info ] [ LOG ] INIT File
[ sql ] [ DB ] CONNECT:[ UseTime:0.002644s ] mysql:host=127.0.0.1;port=3306;dbname=anzhiquan1201_db;charset=utf8
[ sql ] [ SQL ] SHOW COLUMNS FROM `ysk_config` [ RunTime:0.001674s ]
[ sql ] [ SQL ] SELECT `name`,`value` FROM `ysk_config` WHERE  `group` = 1 [ RunTime:0.000788s ]
[ sql ] [ SQL ] SELECT `value`,`tip` FROM `ysk_config` WHERE  `name` = 'TOGGLE_WEB_SITE' LIMIT 1 [ RunTime:0.000666s ]
---------------------------------------------------------------
[ 2018-04-10T07:36:45+08:00 ] 103.45.103.50 191.241.49.24 GET /
[ info ] 103.45.103.50:80/ [运行时间：0.097319s][吞吐率：10.28req/s] [内存消耗：3,694.88kb] [文件加载：59]
[ info ] [ LANG ] D:\UPUPW_ANK_W64\WebRoot\Vhosts\web\thinkphp\lang\zh-cn.php
[ info ] [ ROUTE ] array (
  'type' => 'module',
  'module' => 
  array (
    0 => '',
    1 => NULL,
    2 => NULL,
  ),
)
[ info ] [ HEADER ] array (
  'connection' => 'close',
  'content-length' => '0',
  'user-agent' => 'Mozilla/5.0 (Windows NT 10.0; WOW64) AppleWebKit/537.36 (KHTML, like Gecko) Chrome/51.0.2704.103 Safari/537.36',
  'host' => '103.45.103.50:80',
)
[ info ] [ PARAM ] array (
)
[ info ] [ DB ] INIT mysql
[ info ] [ SESSION ] INIT array (
  'id' => '',
  'var_session_id' => '',
  'prefix' => 'think',
  'type' => '',
  'auto_start' => true,
)
[ info ] [ LOG ] INIT File
[ sql ] [ DB ] CONNECT:[ UseTime:0.012890s ] mysql:host=127.0.0.1;port=3306;dbname=anzhiquan1201_db;charset=utf8
[ sql ] [ SQL ] SHOW COLUMNS FROM `ysk_config` [ RunTime:0.002196s ]
[ sql ] [ SQL ] SELECT `name`,`value` FROM `ysk_config` WHERE  `group` = 1 [ RunTime:0.000949s ]
[ sql ] [ SQL ] SELECT `value`,`tip` FROM `ysk_config` WHERE  `name` = 'TOGGLE_WEB_SITE' LIMIT 1 [ RunTime:0.000746s ]
---------------------------------------------------------------
[ 2018-04-10T07:40:53+08:00 ] 103.45.103.50 77.157.49.249 GET /
[ info ] 103.45.103.50:80/ [运行时间：0.069100s][吞吐率：14.47req/s] [内存消耗：3,695.06kb] [文件加载：59]
[ info ] [ LANG ] D:\UPUPW_ANK_W64\WebRoot\Vhosts\web\thinkphp\lang\zh-cn.php
[ info ] [ ROUTE ] array (
  'type' => 'module',
  'module' => 
  array (
    0 => '',
    1 => NULL,
    2 => NULL,
  ),
)
[ info ] [ HEADER ] array (
  'connection' => 'close',
  'content-length' => '0',
  'user-agent' => 'Mozilla/5.0 (Windows NT 10.0; WOW64) AppleWebKit/537.36 (KHTML, like Gecko) Chrome/52.0.2743.116 Safari/537.36',
  'host' => '103.45.103.50:80',
)
[ info ] [ PARAM ] array (
)
[ info ] [ DB ] INIT mysql
[ info ] [ SESSION ] INIT array (
  'id' => '',
  'var_session_id' => '',
  'prefix' => 'think',
  'type' => '',
  'auto_start' => true,
)
[ info ] [ LOG ] INIT File
[ sql ] [ DB ] CONNECT:[ UseTime:0.011773s ] mysql:host=127.0.0.1;port=3306;dbname=anzhiquan1201_db;charset=utf8
[ sql ] [ SQL ] SHOW COLUMNS FROM `ysk_config` [ RunTime:0.002198s ]
[ sql ] [ SQL ] SELECT `name`,`value` FROM `ysk_config` WHERE  `group` = 1 [ RunTime:0.000836s ]
[ sql ] [ SQL ] SELECT `value`,`tip` FROM `ysk_config` WHERE  `name` = 'TOGGLE_WEB_SITE' LIMIT 1 [ RunTime:0.000638s ]
---------------------------------------------------------------
[ 2018-04-10T07:46:08+08:00 ] 103.45.103.50 197.250.8.47 GET /
[ info ] 103.45.103.50:80/ [运行时间：0.095562s][吞吐率：10.46req/s] [内存消耗：3,694.88kb] [文件加载：59]
[ info ] [ LANG ] D:\UPUPW_ANK_W64\WebRoot\Vhosts\web\thinkphp\lang\zh-cn.php
[ info ] [ ROUTE ] array (
  'type' => 'module',
  'module' => 
  array (
    0 => '',
    1 => NULL,
    2 => NULL,
  ),
)
[ info ] [ HEADER ] array (
  'connection' => 'close',
  'content-length' => '0',
  'user-agent' => 'Mozilla/5.0 (Macintosh; Intel Mac OS X 10_11_6) AppleWebKit/601.7.7 (KHTML, like Gecko) Version/9.1.2 Safari/601.7.7',
  'host' => '103.45.103.50:80',
)
[ info ] [ PARAM ] array (
)
[ info ] [ DB ] INIT mysql
[ info ] [ SESSION ] INIT array (
  'id' => '',
  'var_session_id' => '',
  'prefix' => 'think',
  'type' => '',
  'auto_start' => true,
)
[ info ] [ LOG ] INIT File
[ sql ] [ DB ] CONNECT:[ UseTime:0.003549s ] mysql:host=127.0.0.1;port=3306;dbname=anzhiquan1201_db;charset=utf8
[ sql ] [ SQL ] SHOW COLUMNS FROM `ysk_config` [ RunTime:0.002044s ]
[ sql ] [ SQL ] SELECT `name`,`value` FROM `ysk_config` WHERE  `group` = 1 [ RunTime:0.000827s ]
[ sql ] [ SQL ] SELECT `value`,`tip` FROM `ysk_config` WHERE  `name` = 'TOGGLE_WEB_SITE' LIMIT 1 [ RunTime:0.000876s ]
---------------------------------------------------------------
[ 2018-04-10T08:28:30+08:00 ] 103.45.103.50 91.92.78.134 GET /
[ info ] 103.45.103.50:80/ [运行时间：0.093685s][吞吐率：10.67req/s] [内存消耗：3,694.88kb] [文件加载：59]
[ info ] [ LANG ] D:\UPUPW_ANK_W64\WebRoot\Vhosts\web\thinkphp\lang\zh-cn.php
[ info ] [ ROUTE ] array (
  'type' => 'module',
  'module' => 
  array (
    0 => '',
    1 => NULL,
    2 => NULL,
  ),
)
[ info ] [ HEADER ] array (
  'connection' => 'close',
  'content-length' => '0',
  'user-agent' => 'Mozilla/5.0 (Windows NT 10.0; WOW64) AppleWebKit/537.36 (KHTML, like Gecko) Chrome/51.0.2704.103 Safari/537.36',
  'host' => '103.45.103.50:80',
)
[ info ] [ PARAM ] array (
)
[ info ] [ DB ] INIT mysql
[ info ] [ SESSION ] INIT array (
  'id' => '',
  'var_session_id' => '',
  'prefix' => 'think',
  'type' => '',
  'auto_start' => true,
)
[ info ] [ LOG ] INIT File
[ sql ] [ DB ] CONNECT:[ UseTime:0.011376s ] mysql:host=127.0.0.1;port=3306;dbname=anzhiquan1201_db;charset=utf8
[ sql ] [ SQL ] SHOW COLUMNS FROM `ysk_config` [ RunTime:0.002073s ]
[ sql ] [ SQL ] SELECT `name`,`value` FROM `ysk_config` WHERE  `group` = 1 [ RunTime:0.000912s ]
[ sql ] [ SQL ] SELECT `value`,`tip` FROM `ysk_config` WHERE  `name` = 'TOGGLE_WEB_SITE' LIMIT 1 [ RunTime:0.000833s ]
---------------------------------------------------------------
[ 2018-04-10T08:40:54+08:00 ] 103.45.103.50 179.113.142.42 GET /
[ info ] 103.45.103.50:80/ [运行时间：0.082784s][吞吐率：12.08req/s] [内存消耗：3,694.88kb] [文件加载：59]
[ info ] [ LANG ] D:\UPUPW_ANK_W64\WebRoot\Vhosts\web\thinkphp\lang\zh-cn.php
[ info ] [ ROUTE ] array (
  'type' => 'module',
  'module' => 
  array (
    0 => '',
    1 => NULL,
    2 => NULL,
  ),
)
[ info ] [ HEADER ] array (
  'connection' => 'close',
  'content-length' => '0',
  'user-agent' => 'Mozilla/5.0 (Macintosh; Intel Mac OS X 10_11_6) AppleWebKit/601.7.7 (KHTML, like Gecko) Version/9.1.2 Safari/601.7.7',
  'host' => '103.45.103.50:80',
)
[ info ] [ PARAM ] array (
)
[ info ] [ DB ] INIT mysql
[ info ] [ SESSION ] INIT array (
  'id' => '',
  'var_session_id' => '',
  'prefix' => 'think',
  'type' => '',
  'auto_start' => true,
)
[ info ] [ LOG ] INIT File
[ sql ] [ DB ] CONNECT:[ UseTime:0.002659s ] mysql:host=127.0.0.1;port=3306;dbname=anzhiquan1201_db;charset=utf8
[ sql ] [ SQL ] SHOW COLUMNS FROM `ysk_config` [ RunTime:0.002123s ]
[ sql ] [ SQL ] SELECT `name`,`value` FROM `ysk_config` WHERE  `group` = 1 [ RunTime:0.000977s ]
[ sql ] [ SQL ] SELECT `value`,`tip` FROM `ysk_config` WHERE  `name` = 'TOGGLE_WEB_SITE' LIMIT 1 [ RunTime:0.000734s ]
---------------------------------------------------------------
[ 2018-04-10T08:50:01+08:00 ] 103.45.103.50 24.241.83.86 GET /
[ info ] 103.45.103.50:80/ [运行时间：0.095390s][吞吐率：10.48req/s] [内存消耗：3,694.88kb] [文件加载：59]
[ info ] [ LANG ] D:\UPUPW_ANK_W64\WebRoot\Vhosts\web\thinkphp\lang\zh-cn.php
[ info ] [ ROUTE ] array (
  'type' => 'module',
  'module' => 
  array (
    0 => '',
    1 => NULL,
    2 => NULL,
  ),
)
[ info ] [ HEADER ] array (
  'connection' => 'close',
  'content-length' => '0',
  'user-agent' => 'Mozilla/5.0 (Windows NT 6.1; WOW64) AppleWebKit/537.36 (KHTML, like Gecko) Chrome/51.0.2704.103 Safari/537.36',
  'host' => '103.45.103.50:80',
)
[ info ] [ PARAM ] array (
)
[ info ] [ DB ] INIT mysql
[ info ] [ SESSION ] INIT array (
  'id' => '',
  'var_session_id' => '',
  'prefix' => 'think',
  'type' => '',
  'auto_start' => true,
)
[ info ] [ LOG ] INIT File
[ sql ] [ DB ] CONNECT:[ UseTime:0.011221s ] mysql:host=127.0.0.1;port=3306;dbname=anzhiquan1201_db;charset=utf8
[ sql ] [ SQL ] SHOW COLUMNS FROM `ysk_config` [ RunTime:0.002190s ]
[ sql ] [ SQL ] SELECT `name`,`value` FROM `ysk_config` WHERE  `group` = 1 [ RunTime:0.000953s ]
[ sql ] [ SQL ] SELECT `value`,`tip` FROM `ysk_config` WHERE  `name` = 'TOGGLE_WEB_SITE' LIMIT 1 [ RunTime:0.000720s ]
---------------------------------------------------------------
[ 2018-04-10T08:55:44+08:00 ] 103.45.103.50 83.215.181.96 GET /
[ info ] 103.45.103.50:80/ [运行时间：0.085179s][吞吐率：11.74req/s] [内存消耗：3,694.88kb] [文件加载：59]
[ info ] [ LANG ] D:\UPUPW_ANK_W64\WebRoot\Vhosts\web\thinkphp\lang\zh-cn.php
[ info ] [ ROUTE ] array (
  'type' => 'module',
  'module' => 
  array (
    0 => '',
    1 => NULL,
    2 => NULL,
  ),
)
[ info ] [ HEADER ] array (
  'connection' => 'close',
  'content-length' => '0',
  'user-agent' => 'Mozilla/5.0 (Windows NT 10.0; WOW64) AppleWebKit/537.36 (KHTML, like Gecko) Chrome/51.0.2704.103 Safari/537.36',
  'host' => '103.45.103.50:80',
)
[ info ] [ PARAM ] array (
)
[ info ] [ DB ] INIT mysql
[ info ] [ SESSION ] INIT array (
  'id' => '',
  'var_session_id' => '',
  'prefix' => 'think',
  'type' => '',
  'auto_start' => true,
)
[ info ] [ LOG ] INIT File
[ sql ] [ DB ] CONNECT:[ UseTime:0.002644s ] mysql:host=127.0.0.1;port=3306;dbname=anzhiquan1201_db;charset=utf8
[ sql ] [ SQL ] SHOW COLUMNS FROM `ysk_config` [ RunTime:0.001916s ]
[ sql ] [ SQL ] SELECT `name`,`value` FROM `ysk_config` WHERE  `group` = 1 [ RunTime:0.000766s ]
[ sql ] [ SQL ] SELECT `value`,`tip` FROM `ysk_config` WHERE  `name` = 'TOGGLE_WEB_SITE' LIMIT 1 [ RunTime:0.000797s ]
---------------------------------------------------------------
[ 2018-04-10T09:11:04+08:00 ] 103.45.103.50 60.191.38.78 GET /
[ info ] 103.45.103.50:80/ [运行时间：0.091780s][吞吐率：10.90req/s] [内存消耗：3,694.70kb] [文件加载：59]
[ info ] [ LANG ] D:\UPUPW_ANK_W64\WebRoot\Vhosts\web\thinkphp\lang\zh-cn.php
[ info ] [ ROUTE ] array (
  'type' => 'module',
  'module' => 
  array (
    0 => '',
    1 => NULL,
    2 => NULL,
  ),
)
[ info ] [ HEADER ] array (
  'connection' => 'close',
  'accept' => 'text/html,application/xhtml+xml,application/xml;q=0.9,*/*;q=0.8',
  'user-agent' => 'Mozilla/5.0 (Macintosh; Intel Mac OS X 10.11; rv:47.0) Gecko/20100101 Firefox/47.0',
  'host' => '103.45.103.50:80',
)
[ info ] [ PARAM ] array (
)
[ info ] [ DB ] INIT mysql
[ info ] [ SESSION ] INIT array (
  'id' => '',
  'var_session_id' => '',
  'prefix' => 'think',
  'type' => '',
  'auto_start' => true,
)
[ info ] [ LOG ] INIT File
[ sql ] [ DB ] CONNECT:[ UseTime:0.003049s ] mysql:host=127.0.0.1;port=3306;dbname=anzhiquan1201_db;charset=utf8
[ sql ] [ SQL ] SHOW COLUMNS FROM `ysk_config` [ RunTime:0.002334s ]
[ sql ] [ SQL ] SELECT `name`,`value` FROM `ysk_config` WHERE  `group` = 1 [ RunTime:0.001171s ]
[ sql ] [ SQL ] SELECT `value`,`tip` FROM `ysk_config` WHERE  `name` = 'TOGGLE_WEB_SITE' LIMIT 1 [ RunTime:0.000818s ]
---------------------------------------------------------------
[ 2018-04-10T09:26:45+08:00 ] 103.45.103.50 187.74.1.231 GET /
[ info ] 103.45.103.50:80/ [运行时间：0.090715s][吞吐率：11.02req/s] [内存消耗：3,694.88kb] [文件加载：59]
[ info ] [ LANG ] D:\UPUPW_ANK_W64\WebRoot\Vhosts\web\thinkphp\lang\zh-cn.php
[ info ] [ ROUTE ] array (
  'type' => 'module',
  'module' => 
  array (
    0 => '',
    1 => NULL,
    2 => NULL,
  ),
)
[ info ] [ HEADER ] array (
  'connection' => 'close',
  'content-length' => '0',
  'user-agent' => 'Mozilla/5.0 (Windows NT 10.0; WOW64) AppleWebKit/537.36 (KHTML, like Gecko) Chrome/51.0.2704.103 Safari/537.36',
  'host' => '103.45.103.50:80',
)
[ info ] [ PARAM ] array (
)
[ info ] [ DB ] INIT mysql
[ info ] [ SESSION ] INIT array (
  'id' => '',
  'var_session_id' => '',
  'prefix' => 'think',
  'type' => '',
  'auto_start' => true,
)
[ info ] [ LOG ] INIT File
[ sql ] [ DB ] CONNECT:[ UseTime:0.002936s ] mysql:host=127.0.0.1;port=3306;dbname=anzhiquan1201_db;charset=utf8
[ sql ] [ SQL ] SHOW COLUMNS FROM `ysk_config` [ RunTime:0.002155s ]
[ sql ] [ SQL ] SELECT `name`,`value` FROM `ysk_config` WHERE  `group` = 1 [ RunTime:0.000962s ]
[ sql ] [ SQL ] SELECT `value`,`tip` FROM `ysk_config` WHERE  `name` = 'TOGGLE_WEB_SITE' LIMIT 1 [ RunTime:0.000792s ]
---------------------------------------------------------------
[ 2018-04-10T09:59:26+08:00 ] 103.45.103.50 213.6.151.82 GET /
[ info ] 103.45.103.50:80/ [运行时间：0.088881s][吞吐率：11.25req/s] [内存消耗：3,694.88kb] [文件加载：59]
[ info ] [ LANG ] D:\UPUPW_ANK_W64\WebRoot\Vhosts\web\thinkphp\lang\zh-cn.php
[ info ] [ ROUTE ] array (
  'type' => 'module',
  'module' => 
  array (
    0 => '',
    1 => NULL,
    2 => NULL,
  ),
)
[ info ] [ HEADER ] array (
  'connection' => 'close',
  'content-length' => '0',
  'user-agent' => 'Mozilla/5.0 (Windows NT 6.1; WOW64) AppleWebKit/537.36 (KHTML, like Gecko) Chrome/52.0.2743.116 Safari/537.36',
  'host' => '103.45.103.50:80',
)
[ info ] [ PARAM ] array (
)
[ info ] [ DB ] INIT mysql
[ info ] [ SESSION ] INIT array (
  'id' => '',
  'var_session_id' => '',
  'prefix' => 'think',
  'type' => '',
  'auto_start' => true,
)
[ info ] [ LOG ] INIT File
[ sql ] [ DB ] CONNECT:[ UseTime:0.002977s ] mysql:host=127.0.0.1;port=3306;dbname=anzhiquan1201_db;charset=utf8
[ sql ] [ SQL ] SHOW COLUMNS FROM `ysk_config` [ RunTime:0.002332s ]
[ sql ] [ SQL ] SELECT `name`,`value` FROM `ysk_config` WHERE  `group` = 1 [ RunTime:0.001170s ]
[ sql ] [ SQL ] SELECT `value`,`tip` FROM `ysk_config` WHERE  `name` = 'TOGGLE_WEB_SITE' LIMIT 1 [ RunTime:0.000944s ]
---------------------------------------------------------------
[ 2018-04-10T10:08:55+08:00 ] 103.45.103.50 185.102.237.204 GET /
[ info ] 103.45.103.50:80/ [运行时间：0.084298s][吞吐率：11.86req/s] [内存消耗：3,694.88kb] [文件加载：59]
[ info ] [ LANG ] D:\UPUPW_ANK_W64\WebRoot\Vhosts\web\thinkphp\lang\zh-cn.php
[ info ] [ ROUTE ] array (
  'type' => 'module',
  'module' => 
  array (
    0 => '',
    1 => NULL,
    2 => NULL,
  ),
)
[ info ] [ HEADER ] array (
  'connection' => 'close',
  'content-length' => '0',
  'user-agent' => 'Mozilla/5.0 (Windows NT 6.1; WOW64) AppleWebKit/537.36 (KHTML, like Gecko) Chrome/52.0.2743.116 Safari/537.36',
  'host' => '103.45.103.50:80',
)
[ info ] [ PARAM ] array (
)
[ info ] [ DB ] INIT mysql
[ info ] [ SESSION ] INIT array (
  'id' => '',
  'var_session_id' => '',
  'prefix' => 'think',
  'type' => '',
  'auto_start' => true,
)
[ info ] [ LOG ] INIT File
[ sql ] [ DB ] CONNECT:[ UseTime:0.002705s ] mysql:host=127.0.0.1;port=3306;dbname=anzhiquan1201_db;charset=utf8
[ sql ] [ SQL ] SHOW COLUMNS FROM `ysk_config` [ RunTime:0.002208s ]
[ sql ] [ SQL ] SELECT `name`,`value` FROM `ysk_config` WHERE  `group` = 1 [ RunTime:0.001403s ]
[ sql ] [ SQL ] SELECT `value`,`tip` FROM `ysk_config` WHERE  `name` = 'TOGGLE_WEB_SITE' LIMIT 1 [ RunTime:0.000821s ]
---------------------------------------------------------------
[ 2018-04-10T11:18:54+08:00 ] 103.45.103.50 77.159.67.13 GET /
[ info ] 103.45.103.50:80/ [运行时间：0.084068s][吞吐率：11.90req/s] [内存消耗：3,694.88kb] [文件加载：59]
[ info ] [ LANG ] D:\UPUPW_ANK_W64\WebRoot\Vhosts\web\thinkphp\lang\zh-cn.php
[ info ] [ ROUTE ] array (
  'type' => 'module',
  'module' => 
  array (
    0 => '',
    1 => NULL,
    2 => NULL,
  ),
)
[ info ] [ HEADER ] array (
  'connection' => 'close',
  'content-length' => '0',
  'user-agent' => 'Mozilla/5.0 (Windows NT 6.1; WOW64) AppleWebKit/537.36 (KHTML, like Gecko) Chrome/52.0.2743.116 Safari/537.36',
  'host' => '103.45.103.50:80',
)
[ info ] [ PARAM ] array (
)
[ info ] [ DB ] INIT mysql
[ info ] [ SESSION ] INIT array (
  'id' => '',
  'var_session_id' => '',
  'prefix' => 'think',
  'type' => '',
  'auto_start' => true,
)
[ info ] [ LOG ] INIT File
[ sql ] [ DB ] CONNECT:[ UseTime:0.002766s ] mysql:host=127.0.0.1;port=3306;dbname=anzhiquan1201_db;charset=utf8
[ sql ] [ SQL ] SHOW COLUMNS FROM `ysk_config` [ RunTime:0.002197s ]
[ sql ] [ SQL ] SELECT `name`,`value` FROM `ysk_config` WHERE  `group` = 1 [ RunTime:0.000862s ]
[ sql ] [ SQL ] SELECT `value`,`tip` FROM `ysk_config` WHERE  `name` = 'TOGGLE_WEB_SITE' LIMIT 1 [ RunTime:0.000595s ]
---------------------------------------------------------------
[ 2018-04-10T12:20:56+08:00 ] 103.45.103.50 202.93.226.246 GET /
[ info ] 103.45.103.50:80/ [运行时间：0.088045s][吞吐率：11.36req/s] [内存消耗：3,694.88kb] [文件加载：59]
[ info ] [ LANG ] D:\UPUPW_ANK_W64\WebRoot\Vhosts\web\thinkphp\lang\zh-cn.php
[ info ] [ ROUTE ] array (
  'type' => 'module',
  'module' => 
  array (
    0 => '',
    1 => NULL,
    2 => NULL,
  ),
)
[ info ] [ HEADER ] array (
  'connection' => 'close',
  'content-length' => '0',
  'user-agent' => 'Mozilla/5.0 (Macintosh; Intel Mac OS X 10_11_6) AppleWebKit/601.7.7 (KHTML, like Gecko) Version/9.1.2 Safari/601.7.7',
  'host' => '103.45.103.50:80',
)
[ info ] [ PARAM ] array (
)
[ info ] [ DB ] INIT mysql
[ info ] [ SESSION ] INIT array (
  'id' => '',
  'var_session_id' => '',
  'prefix' => 'think',
  'type' => '',
  'auto_start' => true,
)
[ info ] [ LOG ] INIT File
[ sql ] [ DB ] CONNECT:[ UseTime:0.002634s ] mysql:host=127.0.0.1;port=3306;dbname=anzhiquan1201_db;charset=utf8
[ sql ] [ SQL ] SHOW COLUMNS FROM `ysk_config` [ RunTime:0.002168s ]
[ sql ] [ SQL ] SELECT `name`,`value` FROM `ysk_config` WHERE  `group` = 1 [ RunTime:0.001053s ]
[ sql ] [ SQL ] SELECT `value`,`tip` FROM `ysk_config` WHERE  `name` = 'TOGGLE_WEB_SITE' LIMIT 1 [ RunTime:0.000761s ]
---------------------------------------------------------------
[ 2018-04-10T12:22:15+08:00 ] 103.45.103.50 103.45.241.128 GET /
[ info ] 103.45.103.50:80/ [运行时间：0.070367s][吞吐率：14.21req/s] [内存消耗：3,695.06kb] [文件加载：59]
[ info ] [ LANG ] D:\UPUPW_ANK_W64\WebRoot\Vhosts\web\thinkphp\lang\zh-cn.php
[ info ] [ ROUTE ] array (
  'type' => 'module',
  'module' => 
  array (
    0 => '',
    1 => NULL,
    2 => NULL,
  ),
)
[ info ] [ HEADER ] array (
  'connection' => 'close',
  'content-length' => '0',
  'user-agent' => 'Mozilla/5.0 (Windows NT 10.0; WOW64) AppleWebKit/537.36 (KHTML, like Gecko) Chrome/52.0.2743.116 Safari/537.36',
  'host' => '103.45.103.50:80',
)
[ info ] [ PARAM ] array (
)
[ info ] [ DB ] INIT mysql
[ info ] [ SESSION ] INIT array (
  'id' => '',
  'var_session_id' => '',
  'prefix' => 'think',
  'type' => '',
  'auto_start' => true,
)
[ info ] [ LOG ] INIT File
[ sql ] [ DB ] CONNECT:[ UseTime:0.011200s ] mysql:host=127.0.0.1;port=3306;dbname=anzhiquan1201_db;charset=utf8
[ sql ] [ SQL ] SHOW COLUMNS FROM `ysk_config` [ RunTime:0.001905s ]
[ sql ] [ SQL ] SELECT `name`,`value` FROM `ysk_config` WHERE  `group` = 1 [ RunTime:0.000942s ]
[ sql ] [ SQL ] SELECT `value`,`tip` FROM `ysk_config` WHERE  `name` = 'TOGGLE_WEB_SITE' LIMIT 1 [ RunTime:0.000815s ]
---------------------------------------------------------------
[ 2018-04-10T12:41:11+08:00 ] 103.45.103.50 87.229.105.224 GET /
[ info ] 103.45.103.50:80/ [运行时间：0.095133s][吞吐率：10.51req/s] [内存消耗：3,694.88kb] [文件加载：59]
[ info ] [ LANG ] D:\UPUPW_ANK_W64\WebRoot\Vhosts\web\thinkphp\lang\zh-cn.php
[ info ] [ ROUTE ] array (
  'type' => 'module',
  'module' => 
  array (
    0 => '',
    1 => NULL,
    2 => NULL,
  ),
)
[ info ] [ HEADER ] array (
  'connection' => 'close',
  'content-length' => '0',
  'user-agent' => 'Mozilla/5.0 (Windows NT 10.0; WOW64) AppleWebKit/537.36 (KHTML, like Gecko) Chrome/52.0.2743.116 Safari/537.36',
  'host' => '103.45.103.50:80',
)
[ info ] [ PARAM ] array (
)
[ info ] [ DB ] INIT mysql
[ info ] [ SESSION ] INIT array (
  'id' => '',
  'var_session_id' => '',
  'prefix' => 'think',
  'type' => '',
  'auto_start' => true,
)
[ info ] [ LOG ] INIT File
[ sql ] [ DB ] CONNECT:[ UseTime:0.002862s ] mysql:host=127.0.0.1;port=3306;dbname=anzhiquan1201_db;charset=utf8
[ sql ] [ SQL ] SHOW COLUMNS FROM `ysk_config` [ RunTime:0.002257s ]
[ sql ] [ SQL ] SELECT `name`,`value` FROM `ysk_config` WHERE  `group` = 1 [ RunTime:0.001369s ]
[ sql ] [ SQL ] SELECT `value`,`tip` FROM `ysk_config` WHERE  `name` = 'TOGGLE_WEB_SITE' LIMIT 1 [ RunTime:0.000851s ]
---------------------------------------------------------------
[ 2018-04-10T13:16:48+08:00 ] 103.45.103.50 109.237.174.212 GET /
[ info ] 103.45.103.50:80/ [运行时间：0.082016s][吞吐率：12.19req/s] [内存消耗：3,694.88kb] [文件加载：59]
[ info ] [ LANG ] D:\UPUPW_ANK_W64\WebRoot\Vhosts\web\thinkphp\lang\zh-cn.php
[ info ] [ ROUTE ] array (
  'type' => 'module',
  'module' => 
  array (
    0 => '',
    1 => NULL,
    2 => NULL,
  ),
)
[ info ] [ HEADER ] array (
  'connection' => 'close',
  'content-length' => '0',
  'user-agent' => 'Mozilla/5.0 (Windows NT 6.1; WOW64) AppleWebKit/537.36 (KHTML, like Gecko) Chrome/51.0.2704.103 Safari/537.36',
  'host' => '103.45.103.50:80',
)
[ info ] [ PARAM ] array (
)
[ info ] [ DB ] INIT mysql
[ info ] [ SESSION ] INIT array (
  'id' => '',
  'var_session_id' => '',
  'prefix' => 'think',
  'type' => '',
  'auto_start' => true,
)
[ info ] [ LOG ] INIT File
[ sql ] [ DB ] CONNECT:[ UseTime:0.002622s ] mysql:host=127.0.0.1;port=3306;dbname=anzhiquan1201_db;charset=utf8
[ sql ] [ SQL ] SHOW COLUMNS FROM `ysk_config` [ RunTime:0.002067s ]
[ sql ] [ SQL ] SELECT `name`,`value` FROM `ysk_config` WHERE  `group` = 1 [ RunTime:0.000899s ]
[ sql ] [ SQL ] SELECT `value`,`tip` FROM `ysk_config` WHERE  `name` = 'TOGGLE_WEB_SITE' LIMIT 1 [ RunTime:0.000687s ]
---------------------------------------------------------------
[ 2018-04-10T13:26:20+08:00 ] 103.45.103.50 201.26.194.92 GET /
[ info ] 103.45.103.50:80/ [运行时间：0.093019s][吞吐率：10.75req/s] [内存消耗：3,694.88kb] [文件加载：59]
[ info ] [ LANG ] D:\UPUPW_ANK_W64\WebRoot\Vhosts\web\thinkphp\lang\zh-cn.php
[ info ] [ ROUTE ] array (
  'type' => 'module',
  'module' => 
  array (
    0 => '',
    1 => NULL,
    2 => NULL,
  ),
)
[ info ] [ HEADER ] array (
  'connection' => 'close',
  'content-length' => '0',
  'user-agent' => 'Mozilla/5.0 (Windows NT 10.0; WOW64) AppleWebKit/537.36 (KHTML, like Gecko) Chrome/51.0.2704.103 Safari/537.36',
  'host' => '103.45.103.50:80',
)
[ info ] [ PARAM ] array (
)
[ info ] [ DB ] INIT mysql
[ info ] [ SESSION ] INIT array (
  'id' => '',
  'var_session_id' => '',
  'prefix' => 'think',
  'type' => '',
  'auto_start' => true,
)
[ info ] [ LOG ] INIT File
[ sql ] [ DB ] CONNECT:[ UseTime:0.011074s ] mysql:host=127.0.0.1;port=3306;dbname=anzhiquan1201_db;charset=utf8
[ sql ] [ SQL ] SHOW COLUMNS FROM `ysk_config` [ RunTime:0.002090s ]
[ sql ] [ SQL ] SELECT `name`,`value` FROM `ysk_config` WHERE  `group` = 1 [ RunTime:0.000967s ]
[ sql ] [ SQL ] SELECT `value`,`tip` FROM `ysk_config` WHERE  `name` = 'TOGGLE_WEB_SITE' LIMIT 1 [ RunTime:0.000751s ]
---------------------------------------------------------------
[ 2018-04-10T13:46:17+08:00 ] 103.45.103.50 111.125.142.170 GET /
[ info ] 103.45.103.50:80/ [运行时间：0.082318s][吞吐率：12.15req/s] [内存消耗：3,694.88kb] [文件加载：59]
[ info ] [ LANG ] D:\UPUPW_ANK_W64\WebRoot\Vhosts\web\thinkphp\lang\zh-cn.php
[ info ] [ ROUTE ] array (
  'type' => 'module',
  'module' => 
  array (
    0 => '',
    1 => NULL,
    2 => NULL,
  ),
)
[ info ] [ HEADER ] array (
  'connection' => 'close',
  'content-length' => '0',
  'user-agent' => 'Mozilla/5.0 (Windows NT 10.0; WOW64) AppleWebKit/537.36 (KHTML, like Gecko) Chrome/51.0.2704.103 Safari/537.36',
  'host' => '103.45.103.50:80',
)
[ info ] [ PARAM ] array (
)
[ info ] [ DB ] INIT mysql
[ info ] [ SESSION ] INIT array (
  'id' => '',
  'var_session_id' => '',
  'prefix' => 'think',
  'type' => '',
  'auto_start' => true,
)
[ info ] [ LOG ] INIT File
[ sql ] [ DB ] CONNECT:[ UseTime:0.002498s ] mysql:host=127.0.0.1;port=3306;dbname=anzhiquan1201_db;charset=utf8
[ sql ] [ SQL ] SHOW COLUMNS FROM `ysk_config` [ RunTime:0.001766s ]
[ sql ] [ SQL ] SELECT `name`,`value` FROM `ysk_config` WHERE  `group` = 1 [ RunTime:0.000878s ]
[ sql ] [ SQL ] SELECT `value`,`tip` FROM `ysk_config` WHERE  `name` = 'TOGGLE_WEB_SITE' LIMIT 1 [ RunTime:0.000654s ]
---------------------------------------------------------------
[ 2018-04-10T13:47:21+08:00 ] 103.45.103.50 200.71.91.36 GET /
[ info ] 103.45.103.50:80/ [运行时间：0.073356s][吞吐率：13.63req/s] [内存消耗：3,695.06kb] [文件加载：59]
[ info ] [ LANG ] D:\UPUPW_ANK_W64\WebRoot\Vhosts\web\thinkphp\lang\zh-cn.php
[ info ] [ ROUTE ] array (
  'type' => 'module',
  'module' => 
  array (
    0 => '',
    1 => NULL,
    2 => NULL,
  ),
)
[ info ] [ HEADER ] array (
  'connection' => 'close',
  'content-length' => '0',
  'user-agent' => 'Mozilla/5.0 (Windows NT 6.1; WOW64) AppleWebKit/537.36 (KHTML, like Gecko) Chrome/52.0.2743.116 Safari/537.36',
  'host' => '103.45.103.50:80',
)
[ info ] [ PARAM ] array (
)
[ info ] [ DB ] INIT mysql
[ info ] [ SESSION ] INIT array (
  'id' => '',
  'var_session_id' => '',
  'prefix' => 'think',
  'type' => '',
  'auto_start' => true,
)
[ info ] [ LOG ] INIT File
[ sql ] [ DB ] CONNECT:[ UseTime:0.010978s ] mysql:host=127.0.0.1;port=3306;dbname=anzhiquan1201_db;charset=utf8
[ sql ] [ SQL ] SHOW COLUMNS FROM `ysk_config` [ RunTime:0.001958s ]
[ sql ] [ SQL ] SELECT `name`,`value` FROM `ysk_config` WHERE  `group` = 1 [ RunTime:0.000840s ]
[ sql ] [ SQL ] SELECT `value`,`tip` FROM `ysk_config` WHERE  `name` = 'TOGGLE_WEB_SITE' LIMIT 1 [ RunTime:0.000718s ]
---------------------------------------------------------------
[ 2018-04-10T14:30:01+08:00 ] 103.45.103.50 5.223.31.229 GET /
[ info ] 103.45.103.50/ [运行时间：0.081390s][吞吐率：12.29req/s] [内存消耗：3,694.79kb] [文件加载：59]
[ info ] [ LANG ] D:\UPUPW_ANK_W64\WebRoot\Vhosts\web\thinkphp\lang\zh-cn.php
[ info ] [ ROUTE ] array (
  'type' => 'module',
  'module' => 
  array (
    0 => '',
    1 => NULL,
    2 => NULL,
  ),
)
[ info ] [ HEADER ] array (
  'connection' => 'close',
  'cache-control' => 'max-age=0, max-stale=0',
  'host' => '103.45.103.50',
  'content-length' => '0',
  'user-agent' => 'Mozilla/5.0 (Windows NT 10.0; WOW64) AppleWebKit/537.36 (KHTML, like Gecko) Chrome/52.0.2743.116 Safari/537.36',
)
[ info ] [ PARAM ] array (
)
[ info ] [ DB ] INIT mysql
[ info ] [ SESSION ] INIT array (
  'id' => '',
  'var_session_id' => '',
  'prefix' => 'think',
  'type' => '',
  'auto_start' => true,
)
[ info ] [ LOG ] INIT File
[ sql ] [ DB ] CONNECT:[ UseTime:0.002592s ] mysql:host=127.0.0.1;port=3306;dbname=anzhiquan1201_db;charset=utf8
[ sql ] [ SQL ] SHOW COLUMNS FROM `ysk_config` [ RunTime:0.001706s ]
[ sql ] [ SQL ] SELECT `name`,`value` FROM `ysk_config` WHERE  `group` = 1 [ RunTime:0.000766s ]
[ sql ] [ SQL ] SELECT `value`,`tip` FROM `ysk_config` WHERE  `name` = 'TOGGLE_WEB_SITE' LIMIT 1 [ RunTime:0.000714s ]
---------------------------------------------------------------
[ 2018-04-10T14:49:18+08:00 ] 103.45.103.50 177.102.55.82 GET /
[ info ] 103.45.103.50:80/ [运行时间：0.087487s][吞吐率：11.43req/s] [内存消耗：3,694.88kb] [文件加载：59]
[ info ] [ LANG ] D:\UPUPW_ANK_W64\WebRoot\Vhosts\web\thinkphp\lang\zh-cn.php
[ info ] [ ROUTE ] array (
  'type' => 'module',
  'module' => 
  array (
    0 => '',
    1 => NULL,
    2 => NULL,
  ),
)
[ info ] [ HEADER ] array (
  'connection' => 'close',
  'content-length' => '0',
  'user-agent' => 'Mozilla/5.0 (Windows NT 6.1; WOW64) AppleWebKit/537.36 (KHTML, like Gecko) Chrome/52.0.2743.116 Safari/537.36',
  'host' => '103.45.103.50:80',
)
[ info ] [ PARAM ] array (
)
[ info ] [ DB ] INIT mysql
[ info ] [ SESSION ] INIT array (
  'id' => '',
  'var_session_id' => '',
  'prefix' => 'think',
  'type' => '',
  'auto_start' => true,
)
[ info ] [ LOG ] INIT File
[ sql ] [ DB ] CONNECT:[ UseTime:0.012390s ] mysql:host=127.0.0.1;port=3306;dbname=anzhiquan1201_db;charset=utf8
[ sql ] [ SQL ] SHOW COLUMNS FROM `ysk_config` [ RunTime:0.002061s ]
[ sql ] [ SQL ] SELECT `name`,`value` FROM `ysk_config` WHERE  `group` = 1 [ RunTime:0.000937s ]
[ sql ] [ SQL ] SELECT `value`,`tip` FROM `ysk_config` WHERE  `name` = 'TOGGLE_WEB_SITE' LIMIT 1 [ RunTime:0.000789s ]
---------------------------------------------------------------
[ 2018-04-10T14:56:25+08:00 ] 103.45.103.50 177.36.48.252 GET /
[ info ] 103.45.103.50:80/ [运行时间：0.093635s][吞吐率：10.68req/s] [内存消耗：3,694.88kb] [文件加载：59]
[ info ] [ LANG ] D:\UPUPW_ANK_W64\WebRoot\Vhosts\web\thinkphp\lang\zh-cn.php
[ info ] [ ROUTE ] array (
  'type' => 'module',
  'module' => 
  array (
    0 => '',
    1 => NULL,
    2 => NULL,
  ),
)
[ info ] [ HEADER ] array (
  'connection' => 'close',
  'content-length' => '0',
  'user-agent' => 'Mozilla/5.0 (Windows NT 10.0; WOW64) AppleWebKit/537.36 (KHTML, like Gecko) Chrome/52.0.2743.116 Safari/537.36',
  'host' => '103.45.103.50:80',
)
[ info ] [ PARAM ] array (
)
[ info ] [ DB ] INIT mysql
[ info ] [ SESSION ] INIT array (
  'id' => '',
  'var_session_id' => '',
  'prefix' => 'think',
  'type' => '',
  'auto_start' => true,
)
[ info ] [ LOG ] INIT File
[ sql ] [ DB ] CONNECT:[ UseTime:0.002681s ] mysql:host=127.0.0.1;port=3306;dbname=anzhiquan1201_db;charset=utf8
[ sql ] [ SQL ] SHOW COLUMNS FROM `ysk_config` [ RunTime:0.002434s ]
[ sql ] [ SQL ] SELECT `name`,`value` FROM `ysk_config` WHERE  `group` = 1 [ RunTime:0.001452s ]
[ sql ] [ SQL ] SELECT `value`,`tip` FROM `ysk_config` WHERE  `name` = 'TOGGLE_WEB_SITE' LIMIT 1 [ RunTime:0.001327s ]
---------------------------------------------------------------
[ 2018-04-10T15:04:17+08:00 ] 103.45.103.50 189.126.76.222 GET /
[ info ] 103.45.103.50:80/ [运行时间：0.092222s][吞吐率：10.84req/s] [内存消耗：3,694.88kb] [文件加载：59]
[ info ] [ LANG ] D:\UPUPW_ANK_W64\WebRoot\Vhosts\web\thinkphp\lang\zh-cn.php
[ info ] [ ROUTE ] array (
  'type' => 'module',
  'module' => 
  array (
    0 => '',
    1 => NULL,
    2 => NULL,
  ),
)
[ info ] [ HEADER ] array (
  'connection' => 'close',
  'content-length' => '0',
  'user-agent' => 'Mozilla/5.0 (Windows NT 10.0; WOW64) AppleWebKit/537.36 (KHTML, like Gecko) Chrome/52.0.2743.116 Safari/537.36',
  'host' => '103.45.103.50:80',
)
[ info ] [ PARAM ] array (
)
[ info ] [ DB ] INIT mysql
[ info ] [ SESSION ] INIT array (
  'id' => '',
  'var_session_id' => '',
  'prefix' => 'think',
  'type' => '',
  'auto_start' => true,
)
[ info ] [ LOG ] INIT File
[ sql ] [ DB ] CONNECT:[ UseTime:0.002744s ] mysql:host=127.0.0.1;port=3306;dbname=anzhiquan1201_db;charset=utf8
[ sql ] [ SQL ] SHOW COLUMNS FROM `ysk_config` [ RunTime:0.001882s ]
[ sql ] [ SQL ] SELECT `name`,`value` FROM `ysk_config` WHERE  `group` = 1 [ RunTime:0.001089s ]
[ sql ] [ SQL ] SELECT `value`,`tip` FROM `ysk_config` WHERE  `name` = 'TOGGLE_WEB_SITE' LIMIT 1 [ RunTime:0.000590s ]
---------------------------------------------------------------
[ 2018-04-10T15:25:58+08:00 ] 103.45.103.50 82.148.178.92 GET /
[ info ] 103.45.103.50:80/ [运行时间：0.092941s][吞吐率：10.76req/s] [内存消耗：3,694.88kb] [文件加载：59]
[ info ] [ LANG ] D:\UPUPW_ANK_W64\WebRoot\Vhosts\web\thinkphp\lang\zh-cn.php
[ info ] [ ROUTE ] array (
  'type' => 'module',
  'module' => 
  array (
    0 => '',
    1 => NULL,
    2 => NULL,
  ),
)
[ info ] [ HEADER ] array (
  'connection' => 'close',
  'content-length' => '0',
  'user-agent' => 'Mozilla/5.0 (Windows NT 6.1; WOW64) AppleWebKit/537.36 (KHTML, like Gecko) Chrome/51.0.2704.103 Safari/537.36',
  'host' => '103.45.103.50:80',
)
[ info ] [ PARAM ] array (
)
[ info ] [ DB ] INIT mysql
[ info ] [ SESSION ] INIT array (
  'id' => '',
  'var_session_id' => '',
  'prefix' => 'think',
  'type' => '',
  'auto_start' => true,
)
[ info ] [ LOG ] INIT File
[ sql ] [ DB ] CONNECT:[ UseTime:0.011888s ] mysql:host=127.0.0.1;port=3306;dbname=anzhiquan1201_db;charset=utf8
[ sql ] [ SQL ] SHOW COLUMNS FROM `ysk_config` [ RunTime:0.002013s ]
[ sql ] [ SQL ] SELECT `name`,`value` FROM `ysk_config` WHERE  `group` = 1 [ RunTime:0.000916s ]
[ sql ] [ SQL ] SELECT `value`,`tip` FROM `ysk_config` WHERE  `name` = 'TOGGLE_WEB_SITE' LIMIT 1 [ RunTime:0.000692s ]
---------------------------------------------------------------
[ 2018-04-10T15:38:24+08:00 ] 103.45.103.50 107.170.192.57 GET /
[ info ] 103.45.103.50/ [运行时间：0.103181s][吞吐率：9.69req/s] [内存消耗：3,694.61kb] [文件加载：59]
[ info ] [ LANG ] D:\UPUPW_ANK_W64\WebRoot\Vhosts\web\thinkphp\lang\zh-cn.php
[ info ] [ ROUTE ] array (
  'type' => 'module',
  'module' => 
  array (
    0 => '',
    1 => NULL,
    2 => NULL,
  ),
)
[ info ] [ HEADER ] array (
  'connection' => 'close',
  'accept-encoding' => 'gzip',
  'accept' => '*/*',
  'user-agent' => 'Mozilla/5.0 zgrab/0.x',
  'host' => '103.45.103.50',
)
[ info ] [ PARAM ] array (
)
[ info ] [ DB ] INIT mysql
[ info ] [ SESSION ] INIT array (
  'id' => '',
  'var_session_id' => '',
  'prefix' => 'think',
  'type' => '',
  'auto_start' => true,
)
[ info ] [ LOG ] INIT File
[ sql ] [ DB ] CONNECT:[ UseTime:0.012429s ] mysql:host=127.0.0.1;port=3306;dbname=anzhiquan1201_db;charset=utf8
[ sql ] [ SQL ] SHOW COLUMNS FROM `ysk_config` [ RunTime:0.003577s ]
[ sql ] [ SQL ] SELECT `name`,`value` FROM `ysk_config` WHERE  `group` = 1 [ RunTime:0.001167s ]
[ sql ] [ SQL ] SELECT `value`,`tip` FROM `ysk_config` WHERE  `name` = 'TOGGLE_WEB_SITE' LIMIT 1 [ RunTime:0.001004s ]
---------------------------------------------------------------
[ 2018-04-10T16:08:31+08:00 ] 103.45.103.50 89.190.251.146 GET /
[ info ] 103.45.103.50:80/ [运行时间：0.087706s][吞吐率：11.40req/s] [内存消耗：3,694.88kb] [文件加载：59]
[ info ] [ LANG ] D:\UPUPW_ANK_W64\WebRoot\Vhosts\web\thinkphp\lang\zh-cn.php
[ info ] [ ROUTE ] array (
  'type' => 'module',
  'module' => 
  array (
    0 => '',
    1 => NULL,
    2 => NULL,
  ),
)
[ info ] [ HEADER ] array (
  'connection' => 'close',
  'content-length' => '0',
  'user-agent' => 'Mozilla/5.0 (Windows NT 10.0; WOW64) AppleWebKit/537.36 (KHTML, like Gecko) Chrome/52.0.2743.116 Safari/537.36',
  'host' => '103.45.103.50:80',
)
[ info ] [ PARAM ] array (
)
[ info ] [ DB ] INIT mysql
[ info ] [ SESSION ] INIT array (
  'id' => '',
  'var_session_id' => '',
  'prefix' => 'think',
  'type' => '',
  'auto_start' => true,
)
[ info ] [ LOG ] INIT File
[ sql ] [ DB ] CONNECT:[ UseTime:0.002639s ] mysql:host=127.0.0.1;port=3306;dbname=anzhiquan1201_db;charset=utf8
[ sql ] [ SQL ] SHOW COLUMNS FROM `ysk_config` [ RunTime:0.001548s ]
[ sql ] [ SQL ] SELECT `name`,`value` FROM `ysk_config` WHERE  `group` = 1 [ RunTime:0.001112s ]
[ sql ] [ SQL ] SELECT `value`,`tip` FROM `ysk_config` WHERE  `name` = 'TOGGLE_WEB_SITE' LIMIT 1 [ RunTime:0.000826s ]
---------------------------------------------------------------
[ 2018-04-10T16:08:32+08:00 ] 103.45.103.50 89.190.251.146 GET /
[ info ] 103.45.103.50:80/ [运行时间：0.073830s][吞吐率：13.54req/s] [内存消耗：3,695.06kb] [文件加载：59]
[ info ] [ LANG ] D:\UPUPW_ANK_W64\WebRoot\Vhosts\web\thinkphp\lang\zh-cn.php
[ info ] [ ROUTE ] array (
  'type' => 'module',
  'module' => 
  array (
    0 => '',
    1 => NULL,
    2 => NULL,
  ),
)
[ info ] [ HEADER ] array (
  'connection' => 'close',
  'content-length' => '0',
  'user-agent' => 'Mozilla/5.0 (Windows NT 10.0; WOW64) AppleWebKit/537.36 (KHTML, like Gecko) Chrome/51.0.2704.103 Safari/537.36',
  'host' => '103.45.103.50:80',
)
[ info ] [ PARAM ] array (
)
[ info ] [ DB ] INIT mysql
[ info ] [ SESSION ] INIT array (
  'id' => '',
  'var_session_id' => '',
  'prefix' => 'think',
  'type' => '',
  'auto_start' => true,
)
[ info ] [ LOG ] INIT File
[ sql ] [ DB ] CONNECT:[ UseTime:0.012007s ] mysql:host=127.0.0.1;port=3306;dbname=anzhiquan1201_db;charset=utf8
[ sql ] [ SQL ] SHOW COLUMNS FROM `ysk_config` [ RunTime:0.001444s ]
[ sql ] [ SQL ] SELECT `name`,`value` FROM `ysk_config` WHERE  `group` = 1 [ RunTime:0.000967s ]
[ sql ] [ SQL ] SELECT `value`,`tip` FROM `ysk_config` WHERE  `name` = 'TOGGLE_WEB_SITE' LIMIT 1 [ RunTime:0.000713s ]
---------------------------------------------------------------
[ 2018-04-10T16:30:56+08:00 ] 103.45.103.50 170.247.125.194 GET /
[ info ] 103.45.103.50:80/ [运行时间：0.103695s][吞吐率：9.64req/s] [内存消耗：3,694.88kb] [文件加载：59]
[ info ] [ LANG ] D:\UPUPW_ANK_W64\WebRoot\Vhosts\web\thinkphp\lang\zh-cn.php
[ info ] [ ROUTE ] array (
  'type' => 'module',
  'module' => 
  array (
    0 => '',
    1 => NULL,
    2 => NULL,
  ),
)
[ info ] [ HEADER ] array (
  'connection' => 'close',
  'content-length' => '0',
  'user-agent' => 'Mozilla/5.0 (Windows NT 6.1; WOW64) AppleWebKit/537.36 (KHTML, like Gecko) Chrome/51.0.2704.103 Safari/537.36',
  'host' => '103.45.103.50:80',
)
[ info ] [ PARAM ] array (
)
[ info ] [ DB ] INIT mysql
[ info ] [ SESSION ] INIT array (
  'id' => '',
  'var_session_id' => '',
  'prefix' => 'think',
  'type' => '',
  'auto_start' => true,
)
[ info ] [ LOG ] INIT File
[ sql ] [ DB ] CONNECT:[ UseTime:0.002914s ] mysql:host=127.0.0.1;port=3306;dbname=anzhiquan1201_db;charset=utf8
[ sql ] [ SQL ] SHOW COLUMNS FROM `ysk_config` [ RunTime:0.002248s ]
[ sql ] [ SQL ] SELECT `name`,`value` FROM `ysk_config` WHERE  `group` = 1 [ RunTime:0.001128s ]
[ sql ] [ SQL ] SELECT `value`,`tip` FROM `ysk_config` WHERE  `name` = 'TOGGLE_WEB_SITE' LIMIT 1 [ RunTime:0.000998s ]
---------------------------------------------------------------
[ 2018-04-10T17:05:10+08:00 ] 103.45.103.50 5.8.200.209 GET /
[ info ] 103.45.103.50:80/ [运行时间：0.093244s][吞吐率：10.72req/s] [内存消耗：3,694.88kb] [文件加载：59]
[ info ] [ LANG ] D:\UPUPW_ANK_W64\WebRoot\Vhosts\web\thinkphp\lang\zh-cn.php
[ info ] [ ROUTE ] array (
  'type' => 'module',
  'module' => 
  array (
    0 => '',
    1 => NULL,
    2 => NULL,
  ),
)
[ info ] [ HEADER ] array (
  'connection' => 'close',
  'content-length' => '0',
  'user-agent' => 'Mozilla/5.0 (Windows NT 10.0; WOW64) AppleWebKit/537.36 (KHTML, like Gecko) Chrome/51.0.2704.103 Safari/537.36',
  'host' => '103.45.103.50:80',
)
[ info ] [ PARAM ] array (
)
[ info ] [ DB ] INIT mysql
[ info ] [ SESSION ] INIT array (
  'id' => '',
  'var_session_id' => '',
  'prefix' => 'think',
  'type' => '',
  'auto_start' => true,
)
[ info ] [ LOG ] INIT File
[ sql ] [ DB ] CONNECT:[ UseTime:0.002689s ] mysql:host=127.0.0.1;port=3306;dbname=anzhiquan1201_db;charset=utf8
[ sql ] [ SQL ] SHOW COLUMNS FROM `ysk_config` [ RunTime:0.001571s ]
[ sql ] [ SQL ] SELECT `name`,`value` FROM `ysk_config` WHERE  `group` = 1 [ RunTime:0.000929s ]
[ sql ] [ SQL ] SELECT `value`,`tip` FROM `ysk_config` WHERE  `name` = 'TOGGLE_WEB_SITE' LIMIT 1 [ RunTime:0.000678s ]
---------------------------------------------------------------
[ 2018-04-10T17:17:05+08:00 ] 103.45.103.50 60.191.38.78 GET /
[ info ] 103.45.103.50:80/ [运行时间：0.098813s][吞吐率：10.12req/s] [内存消耗：3,694.70kb] [文件加载：59]
[ info ] [ LANG ] D:\UPUPW_ANK_W64\WebRoot\Vhosts\web\thinkphp\lang\zh-cn.php
[ info ] [ ROUTE ] array (
  'type' => 'module',
  'module' => 
  array (
    0 => '',
    1 => NULL,
    2 => NULL,
  ),
)
[ info ] [ HEADER ] array (
  'connection' => 'close',
  'accept' => 'text/html,application/xhtml+xml,application/xml;q=0.9,*/*;q=0.8',
  'user-agent' => 'Mozilla/5.0 (Macintosh; Intel Mac OS X 10.11; rv:47.0) Gecko/20100101 Firefox/47.0',
  'host' => '103.45.103.50:80',
)
[ info ] [ PARAM ] array (
)
[ info ] [ DB ] INIT mysql
[ info ] [ SESSION ] INIT array (
  'id' => '',
  'var_session_id' => '',
  'prefix' => 'think',
  'type' => '',
  'auto_start' => true,
)
[ info ] [ LOG ] INIT File
[ sql ] [ DB ] CONNECT:[ UseTime:0.002725s ] mysql:host=127.0.0.1;port=3306;dbname=anzhiquan1201_db;charset=utf8
[ sql ] [ SQL ] SHOW COLUMNS FROM `ysk_config` [ RunTime:0.002371s ]
[ sql ] [ SQL ] SELECT `name`,`value` FROM `ysk_config` WHERE  `group` = 1 [ RunTime:0.001249s ]
[ sql ] [ SQL ] SELECT `value`,`tip` FROM `ysk_config` WHERE  `name` = 'TOGGLE_WEB_SITE' LIMIT 1 [ RunTime:0.000920s ]
---------------------------------------------------------------
[ 2018-04-10T18:00:21+08:00 ] 103.45.103.50 177.94.18.155 GET /
[ info ] 103.45.103.50:80/ [运行时间：0.075169s][吞吐率：13.30req/s] [内存消耗：3,694.88kb] [文件加载：59]
[ info ] [ LANG ] D:\UPUPW_ANK_W64\WebRoot\Vhosts\web\thinkphp\lang\zh-cn.php
[ info ] [ ROUTE ] array (
  'type' => 'module',
  'module' => 
  array (
    0 => '',
    1 => NULL,
    2 => NULL,
  ),
)
[ info ] [ HEADER ] array (
  'connection' => 'close',
  'content-length' => '0',
  'user-agent' => 'Mozilla/5.0 (Macintosh; Intel Mac OS X 10_11_6) AppleWebKit/601.7.7 (KHTML, like Gecko) Version/9.1.2 Safari/601.7.7',
  'host' => '103.45.103.50:80',
)
[ info ] [ PARAM ] array (
)
[ info ] [ DB ] INIT mysql
[ info ] [ SESSION ] INIT array (
  'id' => '',
  'var_session_id' => '',
  'prefix' => 'think',
  'type' => '',
  'auto_start' => true,
)
[ info ] [ LOG ] INIT File
[ sql ] [ DB ] CONNECT:[ UseTime:0.002893s ] mysql:host=127.0.0.1;port=3306;dbname=anzhiquan1201_db;charset=utf8
[ sql ] [ SQL ] SHOW COLUMNS FROM `ysk_config` [ RunTime:0.001469s ]
[ sql ] [ SQL ] SELECT `name`,`value` FROM `ysk_config` WHERE  `group` = 1 [ RunTime:0.000791s ]
[ sql ] [ SQL ] SELECT `value`,`tip` FROM `ysk_config` WHERE  `name` = 'TOGGLE_WEB_SITE' LIMIT 1 [ RunTime:0.000662s ]
---------------------------------------------------------------
[ 2018-04-10T18:24:43+08:00 ] 103.45.103.50 103.207.168.131 GET /
[ info ] 103.45.103.50:80/ [运行时间：0.079737s][吞吐率：12.54req/s] [内存消耗：3,694.88kb] [文件加载：59]
[ info ] [ LANG ] D:\UPUPW_ANK_W64\WebRoot\Vhosts\web\thinkphp\lang\zh-cn.php
[ info ] [ ROUTE ] array (
  'type' => 'module',
  'module' => 
  array (
    0 => '',
    1 => NULL,
    2 => NULL,
  ),
)
[ info ] [ HEADER ] array (
  'connection' => 'close',
  'content-length' => '0',
  'user-agent' => 'Mozilla/5.0 (Macintosh; Intel Mac OS X 10_11_6) AppleWebKit/601.7.7 (KHTML, like Gecko) Version/9.1.2 Safari/601.7.7',
  'host' => '103.45.103.50:80',
)
[ info ] [ PARAM ] array (
)
[ info ] [ DB ] INIT mysql
[ info ] [ SESSION ] INIT array (
  'id' => '',
  'var_session_id' => '',
  'prefix' => 'think',
  'type' => '',
  'auto_start' => true,
)
[ info ] [ LOG ] INIT File
[ sql ] [ DB ] CONNECT:[ UseTime:0.002737s ] mysql:host=127.0.0.1;port=3306;dbname=anzhiquan1201_db;charset=utf8
[ sql ] [ SQL ] SHOW COLUMNS FROM `ysk_config` [ RunTime:0.001823s ]
[ sql ] [ SQL ] SELECT `name`,`value` FROM `ysk_config` WHERE  `group` = 1 [ RunTime:0.000879s ]
[ sql ] [ SQL ] SELECT `value`,`tip` FROM `ysk_config` WHERE  `name` = 'TOGGLE_WEB_SITE' LIMIT 1 [ RunTime:0.000784s ]
---------------------------------------------------------------
[ 2018-04-10T18:50:42+08:00 ] 103.45.103.50 60.191.38.78 GET /
[ info ] 103.45.103.50:80/ [运行时间：0.093568s][吞吐率：10.69req/s] [内存消耗：3,694.70kb] [文件加载：59]
[ info ] [ LANG ] D:\UPUPW_ANK_W64\WebRoot\Vhosts\web\thinkphp\lang\zh-cn.php
[ info ] [ ROUTE ] array (
  'type' => 'module',
  'module' => 
  array (
    0 => '',
    1 => NULL,
    2 => NULL,
  ),
)
[ info ] [ HEADER ] array (
  'connection' => 'close',
  'accept' => 'text/html,application/xhtml+xml,application/xml;q=0.9,*/*;q=0.8',
  'user-agent' => 'Mozilla/5.0 (Macintosh; Intel Mac OS X 10.11; rv:47.0) Gecko/20100101 Firefox/47.0',
  'host' => '103.45.103.50:80',
)
[ info ] [ PARAM ] array (
)
[ info ] [ DB ] INIT mysql
[ info ] [ SESSION ] INIT array (
  'id' => '',
  'var_session_id' => '',
  'prefix' => 'think',
  'type' => '',
  'auto_start' => true,
)
[ info ] [ LOG ] INIT File
[ sql ] [ DB ] CONNECT:[ UseTime:0.002903s ] mysql:host=127.0.0.1;port=3306;dbname=anzhiquan1201_db;charset=utf8
[ sql ] [ SQL ] SHOW COLUMNS FROM `ysk_config` [ RunTime:0.002699s ]
[ sql ] [ SQL ] SELECT `name`,`value` FROM `ysk_config` WHERE  `group` = 1 [ RunTime:0.001288s ]
[ sql ] [ SQL ] SELECT `value`,`tip` FROM `ysk_config` WHERE  `name` = 'TOGGLE_WEB_SITE' LIMIT 1 [ RunTime:0.000751s ]
---------------------------------------------------------------
[ 2018-04-10T18:57:42+08:00 ] 103.45.103.50 177.189.251.112 GET /
[ info ] 103.45.103.50:80/ [运行时间：0.100317s][吞吐率：9.97req/s] [内存消耗：3,694.88kb] [文件加载：59]
[ info ] [ LANG ] D:\UPUPW_ANK_W64\WebRoot\Vhosts\web\thinkphp\lang\zh-cn.php
[ info ] [ ROUTE ] array (
  'type' => 'module',
  'module' => 
  array (
    0 => '',
    1 => NULL,
    2 => NULL,
  ),
)
[ info ] [ HEADER ] array (
  'connection' => 'close',
  'content-length' => '0',
  'user-agent' => 'Mozilla/5.0 (Windows NT 6.1; WOW64) AppleWebKit/537.36 (KHTML, like Gecko) Chrome/51.0.2704.103 Safari/537.36',
  'host' => '103.45.103.50:80',
)
[ info ] [ PARAM ] array (
)
[ info ] [ DB ] INIT mysql
[ info ] [ SESSION ] INIT array (
  'id' => '',
  'var_session_id' => '',
  'prefix' => 'think',
  'type' => '',
  'auto_start' => true,
)
[ info ] [ LOG ] INIT File
[ sql ] [ DB ] CONNECT:[ UseTime:0.013113s ] mysql:host=127.0.0.1;port=3306;dbname=anzhiquan1201_db;charset=utf8
[ sql ] [ SQL ] SHOW COLUMNS FROM `ysk_config` [ RunTime:0.001942s ]
[ sql ] [ SQL ] SELECT `name`,`value` FROM `ysk_config` WHERE  `group` = 1 [ RunTime:0.001115s ]
[ sql ] [ SQL ] SELECT `value`,`tip` FROM `ysk_config` WHERE  `name` = 'TOGGLE_WEB_SITE' LIMIT 1 [ RunTime:0.000832s ]
---------------------------------------------------------------
[ 2018-04-10T19:06:33+08:00 ] 103.45.103.50 151.22.253.84 GET /
[ info ] 103.45.103.50:80/ [运行时间：0.083559s][吞吐率：11.97req/s] [内存消耗：3,694.88kb] [文件加载：59]
[ info ] [ LANG ] D:\UPUPW_ANK_W64\WebRoot\Vhosts\web\thinkphp\lang\zh-cn.php
[ info ] [ ROUTE ] array (
  'type' => 'module',
  'module' => 
  array (
    0 => '',
    1 => NULL,
    2 => NULL,
  ),
)
[ info ] [ HEADER ] array (
  'connection' => 'close',
  'content-length' => '0',
  'user-agent' => 'Mozilla/5.0 (Windows NT 10.0; WOW64) AppleWebKit/537.36 (KHTML, like Gecko) Chrome/51.0.2704.103 Safari/537.36',
  'host' => '103.45.103.50:80',
)
[ info ] [ PARAM ] array (
)
[ info ] [ DB ] INIT mysql
[ info ] [ SESSION ] INIT array (
  'id' => '',
  'var_session_id' => '',
  'prefix' => 'think',
  'type' => '',
  'auto_start' => true,
)
[ info ] [ LOG ] INIT File
[ sql ] [ DB ] CONNECT:[ UseTime:0.002852s ] mysql:host=127.0.0.1;port=3306;dbname=anzhiquan1201_db;charset=utf8
[ sql ] [ SQL ] SHOW COLUMNS FROM `ysk_config` [ RunTime:0.001973s ]
[ sql ] [ SQL ] SELECT `name`,`value` FROM `ysk_config` WHERE  `group` = 1 [ RunTime:0.000814s ]
[ sql ] [ SQL ] SELECT `value`,`tip` FROM `ysk_config` WHERE  `name` = 'TOGGLE_WEB_SITE' LIMIT 1 [ RunTime:0.000672s ]
---------------------------------------------------------------
[ 2018-04-10T19:13:39+08:00 ] 103.45.103.50 201.43.254.47 GET /
[ info ] 103.45.103.50:80/ [运行时间：0.087825s][吞吐率：11.39req/s] [内存消耗：3,694.88kb] [文件加载：59]
[ info ] [ LANG ] D:\UPUPW_ANK_W64\WebRoot\Vhosts\web\thinkphp\lang\zh-cn.php
[ info ] [ ROUTE ] array (
  'type' => 'module',
  'module' => 
  array (
    0 => '',
    1 => NULL,
    2 => NULL,
  ),
)
[ info ] [ HEADER ] array (
  'connection' => 'close',
  'content-length' => '0',
  'user-agent' => 'Mozilla/5.0 (Windows NT 6.1; WOW64) AppleWebKit/537.36 (KHTML, like Gecko) Chrome/52.0.2743.116 Safari/537.36',
  'host' => '103.45.103.50:80',
)
[ info ] [ PARAM ] array (
)
[ info ] [ DB ] INIT mysql
[ info ] [ SESSION ] INIT array (
  'id' => '',
  'var_session_id' => '',
  'prefix' => 'think',
  'type' => '',
  'auto_start' => true,
)
[ info ] [ LOG ] INIT File
[ sql ] [ DB ] CONNECT:[ UseTime:0.002852s ] mysql:host=127.0.0.1;port=3306;dbname=anzhiquan1201_db;charset=utf8
[ sql ] [ SQL ] SHOW COLUMNS FROM `ysk_config` [ RunTime:0.002354s ]
[ sql ] [ SQL ] SELECT `name`,`value` FROM `ysk_config` WHERE  `group` = 1 [ RunTime:0.001107s ]
[ sql ] [ SQL ] SELECT `value`,`tip` FROM `ysk_config` WHERE  `name` = 'TOGGLE_WEB_SITE' LIMIT 1 [ RunTime:0.000788s ]
---------------------------------------------------------------
[ 2018-04-10T19:57:19+08:00 ] 103.45.103.50 186.233.195.26 GET /
[ info ] 103.45.103.50:80/ [运行时间：0.082990s][吞吐率：12.05req/s] [内存消耗：3,694.88kb] [文件加载：59]
[ info ] [ LANG ] D:\UPUPW_ANK_W64\WebRoot\Vhosts\web\thinkphp\lang\zh-cn.php
[ info ] [ ROUTE ] array (
  'type' => 'module',
  'module' => 
  array (
    0 => '',
    1 => NULL,
    2 => NULL,
  ),
)
[ info ] [ HEADER ] array (
  'connection' => 'close',
  'content-length' => '0',
  'user-agent' => 'Mozilla/5.0 (Windows NT 10.0; WOW64) AppleWebKit/537.36 (KHTML, like Gecko) Chrome/52.0.2743.116 Safari/537.36',
  'host' => '103.45.103.50:80',
)
[ info ] [ PARAM ] array (
)
[ info ] [ DB ] INIT mysql
[ info ] [ SESSION ] INIT array (
  'id' => '',
  'var_session_id' => '',
  'prefix' => 'think',
  'type' => '',
  'auto_start' => true,
)
[ info ] [ LOG ] INIT File
[ sql ] [ DB ] CONNECT:[ UseTime:0.002483s ] mysql:host=127.0.0.1;port=3306;dbname=anzhiquan1201_db;charset=utf8
[ sql ] [ SQL ] SHOW COLUMNS FROM `ysk_config` [ RunTime:0.001674s ]
[ sql ] [ SQL ] SELECT `name`,`value` FROM `ysk_config` WHERE  `group` = 1 [ RunTime:0.000839s ]
[ sql ] [ SQL ] SELECT `value`,`tip` FROM `ysk_config` WHERE  `name` = 'TOGGLE_WEB_SITE' LIMIT 1 [ RunTime:0.000661s ]
---------------------------------------------------------------
[ 2018-04-10T20:31:28+08:00 ] 103.45.103.50 109.121.160.75 GET /
[ info ] 103.45.103.50:80/ [运行时间：0.064923s][吞吐率：15.40req/s] [内存消耗：3,694.88kb] [文件加载：59]
[ info ] [ LANG ] D:\UPUPW_ANK_W64\WebRoot\Vhosts\web\thinkphp\lang\zh-cn.php
[ info ] [ ROUTE ] array (
  'type' => 'module',
  'module' => 
  array (
    0 => '',
    1 => NULL,
    2 => NULL,
  ),
)
[ info ] [ HEADER ] array (
  'connection' => 'close',
  'content-length' => '0',
  'user-agent' => 'Mozilla/5.0 (Windows NT 10.0; WOW64) AppleWebKit/537.36 (KHTML, like Gecko) Chrome/51.0.2704.103 Safari/537.36',
  'host' => '103.45.103.50:80',
)
[ info ] [ PARAM ] array (
)
[ info ] [ DB ] INIT mysql
[ info ] [ SESSION ] INIT array (
  'id' => '',
  'var_session_id' => '',
  'prefix' => 'think',
  'type' => '',
  'auto_start' => true,
)
[ info ] [ LOG ] INIT File
[ sql ] [ DB ] CONNECT:[ UseTime:0.002376s ] mysql:host=127.0.0.1;port=3306;dbname=anzhiquan1201_db;charset=utf8
[ sql ] [ SQL ] SHOW COLUMNS FROM `ysk_config` [ RunTime:0.001912s ]
[ sql ] [ SQL ] SELECT `name`,`value` FROM `ysk_config` WHERE  `group` = 1 [ RunTime:0.000801s ]
[ sql ] [ SQL ] SELECT `value`,`tip` FROM `ysk_config` WHERE  `name` = 'TOGGLE_WEB_SITE' LIMIT 1 [ RunTime:0.000649s ]
---------------------------------------------------------------
[ 2018-04-10T20:31:47+08:00 ] 103.45.103.50 152.249.170.6 GET /
[ info ] 103.45.103.50:80/ [运行时间：0.066572s][吞吐率：15.02req/s] [内存消耗：3,695.06kb] [文件加载：59]
[ info ] [ LANG ] D:\UPUPW_ANK_W64\WebRoot\Vhosts\web\thinkphp\lang\zh-cn.php
[ info ] [ ROUTE ] array (
  'type' => 'module',
  'module' => 
  array (
    0 => '',
    1 => NULL,
    2 => NULL,
  ),
)
[ info ] [ HEADER ] array (
  'connection' => 'close',
  'content-length' => '0',
  'user-agent' => 'Mozilla/5.0 (Windows NT 6.1; WOW64) AppleWebKit/537.36 (KHTML, like Gecko) Chrome/51.0.2704.103 Safari/537.36',
  'host' => '103.45.103.50:80',
)
[ info ] [ PARAM ] array (
)
[ info ] [ DB ] INIT mysql
[ info ] [ SESSION ] INIT array (
  'id' => '',
  'var_session_id' => '',
  'prefix' => 'think',
  'type' => '',
  'auto_start' => true,
)
[ info ] [ LOG ] INIT File
[ sql ] [ DB ] CONNECT:[ UseTime:0.011012s ] mysql:host=127.0.0.1;port=3306;dbname=anzhiquan1201_db;charset=utf8
[ sql ] [ SQL ] SHOW COLUMNS FROM `ysk_config` [ RunTime:0.001818s ]
[ sql ] [ SQL ] SELECT `name`,`value` FROM `ysk_config` WHERE  `group` = 1 [ RunTime:0.000834s ]
[ sql ] [ SQL ] SELECT `value`,`tip` FROM `ysk_config` WHERE  `name` = 'TOGGLE_WEB_SITE' LIMIT 1 [ RunTime:0.000497s ]
---------------------------------------------------------------
[ 2018-04-10T20:41:00+08:00 ] 103.45.103.50 81.162.79.221 GET /
[ info ] 103.45.103.50:80/ [运行时间：0.089108s][吞吐率：11.22req/s] [内存消耗：3,694.88kb] [文件加载：59]
[ info ] [ LANG ] D:\UPUPW_ANK_W64\WebRoot\Vhosts\web\thinkphp\lang\zh-cn.php
[ info ] [ ROUTE ] array (
  'type' => 'module',
  'module' => 
  array (
    0 => '',
    1 => NULL,
    2 => NULL,
  ),
)
[ info ] [ HEADER ] array (
  'connection' => 'close',
  'content-length' => '0',
  'user-agent' => 'Mozilla/5.0 (Windows NT 6.1; WOW64) AppleWebKit/537.36 (KHTML, like Gecko) Chrome/51.0.2704.103 Safari/537.36',
  'host' => '103.45.103.50:80',
)
[ info ] [ PARAM ] array (
)
[ info ] [ DB ] INIT mysql
[ info ] [ SESSION ] INIT array (
  'id' => '',
  'var_session_id' => '',
  'prefix' => 'think',
  'type' => '',
  'auto_start' => true,
)
[ info ] [ LOG ] INIT File
[ sql ] [ DB ] CONNECT:[ UseTime:0.002518s ] mysql:host=127.0.0.1;port=3306;dbname=anzhiquan1201_db;charset=utf8
[ sql ] [ SQL ] SHOW COLUMNS FROM `ysk_config` [ RunTime:0.002225s ]
[ sql ] [ SQL ] SELECT `name`,`value` FROM `ysk_config` WHERE  `group` = 1 [ RunTime:0.000901s ]
[ sql ] [ SQL ] SELECT `value`,`tip` FROM `ysk_config` WHERE  `name` = 'TOGGLE_WEB_SITE' LIMIT 1 [ RunTime:0.000700s ]
---------------------------------------------------------------
[ 2018-04-10T20:55:03+08:00 ] 103.45.103.50 27.198.159.212 GET /verifylogin.do
[ info ] 103.45.103.50/verifylogin.do [运行时间：0.043689s][吞吐率：22.89req/s] [内存消耗：1,910.84kb] [文件加载：40]
[ info ] [ LANG ] D:\UPUPW_ANK_W64\WebRoot\Vhosts\web\thinkphp\lang\zh-cn.php
[ info ] [ ROUTE ] array (
  'type' => 'module',
  'module' => 
  array (
    0 => 'verifylogin.do',
    1 => NULL,
    2 => NULL,
  ),
)
[ info ] [ HEADER ] array (
  'host' => '103.45.103.50',
  'user-agent' => 'Mozilla/5.0 (compatible; MSIE 9.0; Windows NT 6.1; WOW64; Trident/5.0)',
  'accept-language' => 'zh-cn',
  'accept-encoding' => 'gbk, GB2312',
  'accept' => 'text/html, application/xhtml+xml, */*',
  'content-type' => '%{(#test=\'multipart/form-data\').(#dm=@ognl.OgnlContext@DEFAULT_MEMBER_ACCESS).(#_memberAccess?(#_memberAccess=#dm):((#container=#context[\'com.opensymphony.xwork2.ActionContext.container\']).(#ognlUtil=#container.getInstance(@com.opensymphony.xwork2.ognl.OgnlUtil@class)).(#ognlUtil.getExcludedPackageNames().clear()).(#ognlUtil.getExcludedClasses().clear()).(#context.setMemberAccess(#dm)))).(#ros=(@org.apache.struts2.ServletActionContext@getResponse().getOutputStream())).(#ros.println(55*55+1)).(#ros.flush())}',
  'connection' => 'close',
  'cache-control' => 'no-cache',
)
[ info ] [ PARAM ] array (
)
[ info ] [ LOG ] INIT File
---------------------------------------------------------------
[ 2018-04-10T21:22:17+08:00 ] 103.45.103.50 109.109.33.55 GET /
[ info ] 103.45.103.50:80/ [运行时间：0.071819s][吞吐率：13.92req/s] [内存消耗：3,694.88kb] [文件加载：59]
[ info ] [ LANG ] D:\UPUPW_ANK_W64\WebRoot\Vhosts\web\thinkphp\lang\zh-cn.php
[ info ] [ ROUTE ] array (
  'type' => 'module',
  'module' => 
  array (
    0 => '',
    1 => NULL,
    2 => NULL,
  ),
)
[ info ] [ HEADER ] array (
  'connection' => 'close',
  'content-length' => '0',
  'user-agent' => 'Mozilla/5.0 (Windows NT 6.1; WOW64) AppleWebKit/537.36 (KHTML, like Gecko) Chrome/52.0.2743.116 Safari/537.36',
  'host' => '103.45.103.50:80',
)
[ info ] [ PARAM ] array (
)
[ info ] [ DB ] INIT mysql
[ info ] [ SESSION ] INIT array (
  'id' => '',
  'var_session_id' => '',
  'prefix' => 'think',
  'type' => '',
  'auto_start' => true,
)
[ info ] [ LOG ] INIT File
[ sql ] [ DB ] CONNECT:[ UseTime:0.002566s ] mysql:host=127.0.0.1;port=3306;dbname=anzhiquan1201_db;charset=utf8
[ sql ] [ SQL ] SHOW COLUMNS FROM `ysk_config` [ RunTime:0.002212s ]
[ sql ] [ SQL ] SELECT `name`,`value` FROM `ysk_config` WHERE  `group` = 1 [ RunTime:0.000909s ]
[ sql ] [ SQL ] SELECT `value`,`tip` FROM `ysk_config` WHERE  `name` = 'TOGGLE_WEB_SITE' LIMIT 1 [ RunTime:0.000657s ]
---------------------------------------------------------------
[ 2018-04-10T21:34:09+08:00 ] 103.45.103.50 211.23.154.138 GET /
[ info ] 103.45.103.50/ [运行时间：0.091176s][吞吐率：10.97req/s] [内存消耗：3,694.61kb] [文件加载：59]
[ info ] [ LANG ] D:\UPUPW_ANK_W64\WebRoot\Vhosts\web\thinkphp\lang\zh-cn.php
[ info ] [ ROUTE ] array (
  'type' => 'module',
  'module' => 
  array (
    0 => '',
    1 => NULL,
    2 => NULL,
  ),
)
[ info ] [ HEADER ] array (
  'connection' => 'close',
  'accept-encoding' => 'gzip',
  'accept' => '*/*',
  'user-agent' => 'Mozilla/5.0 zgrab/0.x',
  'host' => '103.45.103.50',
)
[ info ] [ PARAM ] array (
)
[ info ] [ DB ] INIT mysql
[ info ] [ SESSION ] INIT array (
  'id' => '',
  'var_session_id' => '',
  'prefix' => 'think',
  'type' => '',
  'auto_start' => true,
)
[ info ] [ LOG ] INIT File
[ sql ] [ DB ] CONNECT:[ UseTime:0.003174s ] mysql:host=127.0.0.1;port=3306;dbname=anzhiquan1201_db;charset=utf8
[ sql ] [ SQL ] SHOW COLUMNS FROM `ysk_config` [ RunTime:0.002294s ]
[ sql ] [ SQL ] SELECT `name`,`value` FROM `ysk_config` WHERE  `group` = 1 [ RunTime:0.001036s ]
[ sql ] [ SQL ] SELECT `value`,`tip` FROM `ysk_config` WHERE  `name` = 'TOGGLE_WEB_SITE' LIMIT 1 [ RunTime:0.000619s ]
---------------------------------------------------------------
[ 2018-04-10T21:42:43+08:00 ] 103.45.103.50 115.124.69.25 GET /
[ info ] 103.45.103.50:80/ [运行时间：0.079341s][吞吐率：12.60req/s] [内存消耗：3,694.88kb] [文件加载：59]
[ info ] [ LANG ] D:\UPUPW_ANK_W64\WebRoot\Vhosts\web\thinkphp\lang\zh-cn.php
[ info ] [ ROUTE ] array (
  'type' => 'module',
  'module' => 
  array (
    0 => '',
    1 => NULL,
    2 => NULL,
  ),
)
[ info ] [ HEADER ] array (
  'connection' => 'close',
  'content-length' => '0',
  'user-agent' => 'Mozilla/5.0 (Macintosh; Intel Mac OS X 10_11_6) AppleWebKit/601.7.7 (KHTML, like Gecko) Version/9.1.2 Safari/601.7.7',
  'host' => '103.45.103.50:80',
)
[ info ] [ PARAM ] array (
)
[ info ] [ DB ] INIT mysql
[ info ] [ SESSION ] INIT array (
  'id' => '',
  'var_session_id' => '',
  'prefix' => 'think',
  'type' => '',
  'auto_start' => true,
)
[ info ] [ LOG ] INIT File
[ sql ] [ DB ] CONNECT:[ UseTime:0.002566s ] mysql:host=127.0.0.1;port=3306;dbname=anzhiquan1201_db;charset=utf8
[ sql ] [ SQL ] SHOW COLUMNS FROM `ysk_config` [ RunTime:0.002351s ]
[ sql ] [ SQL ] SELECT `name`,`value` FROM `ysk_config` WHERE  `group` = 1 [ RunTime:0.001028s ]
[ sql ] [ SQL ] SELECT `value`,`tip` FROM `ysk_config` WHERE  `name` = 'TOGGLE_WEB_SITE' LIMIT 1 [ RunTime:0.000889s ]
---------------------------------------------------------------
[ 2018-04-10T21:54:02+08:00 ] 103.45.103.50 191.13.42.42 GET /
[ info ] 103.45.103.50:80/ [运行时间：0.102220s][吞吐率：9.78req/s] [内存消耗：3,694.88kb] [文件加载：59]
[ info ] [ LANG ] D:\UPUPW_ANK_W64\WebRoot\Vhosts\web\thinkphp\lang\zh-cn.php
[ info ] [ ROUTE ] array (
  'type' => 'module',
  'module' => 
  array (
    0 => '',
    1 => NULL,
    2 => NULL,
  ),
)
[ info ] [ HEADER ] array (
  'connection' => 'close',
  'content-length' => '0',
  'user-agent' => 'Mozilla/5.0 (Windows NT 6.1; WOW64) AppleWebKit/537.36 (KHTML, like Gecko) Chrome/52.0.2743.116 Safari/537.36',
  'host' => '103.45.103.50:80',
)
[ info ] [ PARAM ] array (
)
[ info ] [ DB ] INIT mysql
[ info ] [ SESSION ] INIT array (
  'id' => '',
  'var_session_id' => '',
  'prefix' => 'think',
  'type' => '',
  'auto_start' => true,
)
[ info ] [ LOG ] INIT File
[ sql ] [ DB ] CONNECT:[ UseTime:0.012267s ] mysql:host=127.0.0.1;port=3306;dbname=anzhiquan1201_db;charset=utf8
[ sql ] [ SQL ] SHOW COLUMNS FROM `ysk_config` [ RunTime:0.002322s ]
[ sql ] [ SQL ] SELECT `name`,`value` FROM `ysk_config` WHERE  `group` = 1 [ RunTime:0.001662s ]
[ sql ] [ SQL ] SELECT `value`,`tip` FROM `ysk_config` WHERE  `name` = 'TOGGLE_WEB_SITE' LIMIT 1 [ RunTime:0.000842s ]
---------------------------------------------------------------
[ 2018-04-10T22:49:51+08:00 ] 103.45.103.50 41.60.236.185 GET /
[ info ] 103.45.103.50:80/ [运行时间：0.075705s][吞吐率：13.21req/s] [内存消耗：3,694.88kb] [文件加载：59]
[ info ] [ LANG ] D:\UPUPW_ANK_W64\WebRoot\Vhosts\web\thinkphp\lang\zh-cn.php
[ info ] [ ROUTE ] array (
  'type' => 'module',
  'module' => 
  array (
    0 => '',
    1 => NULL,
    2 => NULL,
  ),
)
[ info ] [ HEADER ] array (
  'connection' => 'close',
  'content-length' => '0',
  'user-agent' => 'Mozilla/5.0 (Macintosh; Intel Mac OS X 10_11_6) AppleWebKit/601.7.7 (KHTML, like Gecko) Version/9.1.2 Safari/601.7.7',
  'host' => '103.45.103.50:80',
)
[ info ] [ PARAM ] array (
)
[ info ] [ DB ] INIT mysql
[ info ] [ SESSION ] INIT array (
  'id' => '',
  'var_session_id' => '',
  'prefix' => 'think',
  'type' => '',
  'auto_start' => true,
)
[ info ] [ LOG ] INIT File
[ sql ] [ DB ] CONNECT:[ UseTime:0.002702s ] mysql:host=127.0.0.1;port=3306;dbname=anzhiquan1201_db;charset=utf8
[ sql ] [ SQL ] SHOW COLUMNS FROM `ysk_config` [ RunTime:0.002149s ]
[ sql ] [ SQL ] SELECT `name`,`value` FROM `ysk_config` WHERE  `group` = 1 [ RunTime:0.000937s ]
[ sql ] [ SQL ] SELECT `value`,`tip` FROM `ysk_config` WHERE  `name` = 'TOGGLE_WEB_SITE' LIMIT 1 [ RunTime:0.001021s ]
---------------------------------------------------------------
[ 2018-04-10T22:52:55+08:00 ] 103.45.103.50 177.9.201.189 GET /
[ info ] 103.45.103.50:80/ [运行时间：0.068746s][吞吐率：14.55req/s] [内存消耗：3,695.06kb] [文件加载：59]
[ info ] [ LANG ] D:\UPUPW_ANK_W64\WebRoot\Vhosts\web\thinkphp\lang\zh-cn.php
[ info ] [ ROUTE ] array (
  'type' => 'module',
  'module' => 
  array (
    0 => '',
    1 => NULL,
    2 => NULL,
  ),
)
[ info ] [ HEADER ] array (
  'connection' => 'close',
  'content-length' => '0',
  'user-agent' => 'Mozilla/5.0 (Windows NT 6.1; WOW64) AppleWebKit/537.36 (KHTML, like Gecko) Chrome/52.0.2743.116 Safari/537.36',
  'host' => '103.45.103.50:80',
)
[ info ] [ PARAM ] array (
)
[ info ] [ DB ] INIT mysql
[ info ] [ SESSION ] INIT array (
  'id' => '',
  'var_session_id' => '',
  'prefix' => 'think',
  'type' => '',
  'auto_start' => true,
)
[ info ] [ LOG ] INIT File
[ sql ] [ DB ] CONNECT:[ UseTime:0.011289s ] mysql:host=127.0.0.1;port=3306;dbname=anzhiquan1201_db;charset=utf8
[ sql ] [ SQL ] SHOW COLUMNS FROM `ysk_config` [ RunTime:0.002101s ]
[ sql ] [ SQL ] SELECT `name`,`value` FROM `ysk_config` WHERE  `group` = 1 [ RunTime:0.000988s ]
[ sql ] [ SQL ] SELECT `value`,`tip` FROM `ysk_config` WHERE  `name` = 'TOGGLE_WEB_SITE' LIMIT 1 [ RunTime:0.000783s ]
---------------------------------------------------------------
[ 2018-04-10T22:54:32+08:00 ] 103.45.103.50 60.191.38.78 GET /
[ info ] 103.45.103.50:80/ [运行时间：0.070758s][吞吐率：14.13req/s] [内存消耗：3,694.71kb] [文件加载：59]
[ info ] [ LANG ] D:\UPUPW_ANK_W64\WebRoot\Vhosts\web\thinkphp\lang\zh-cn.php
[ info ] [ ROUTE ] array (
  'type' => 'module',
  'module' => 
  array (
    0 => '',
    1 => NULL,
    2 => NULL,
  ),
)
[ info ] [ HEADER ] array (
  'connection' => 'close',
  'accept' => 'text/html,application/xhtml+xml,application/xml;q=0.9,*/*;q=0.8',
  'user-agent' => 'Mozilla/5.0 (Macintosh; Intel Mac OS X 10.11; rv:47.0) Gecko/20100101 Firefox/47.0',
  'host' => '103.45.103.50:80',
)
[ info ] [ PARAM ] array (
)
[ info ] [ DB ] INIT mysql
[ info ] [ SESSION ] INIT array (
  'id' => '',
  'var_session_id' => '',
  'prefix' => 'think',
  'type' => '',
  'auto_start' => true,
)
[ info ] [ LOG ] INIT File
[ sql ] [ DB ] CONNECT:[ UseTime:0.011691s ] mysql:host=127.0.0.1;port=3306;dbname=anzhiquan1201_db;charset=utf8
[ sql ] [ SQL ] SHOW COLUMNS FROM `ysk_config` [ RunTime:0.002416s ]
[ sql ] [ SQL ] SELECT `name`,`value` FROM `ysk_config` WHERE  `group` = 1 [ RunTime:0.001013s ]
[ sql ] [ SQL ] SELECT `value`,`tip` FROM `ysk_config` WHERE  `name` = 'TOGGLE_WEB_SITE' LIMIT 1 [ RunTime:0.000741s ]
---------------------------------------------------------------
[ 2018-04-10T22:59:37+08:00 ] 103.45.103.50 201.76.122.102 GET /
[ info ] 103.45.103.50:80/ [运行时间：0.088453s][吞吐率：11.31req/s] [内存消耗：3,694.88kb] [文件加载：59]
[ info ] [ LANG ] D:\UPUPW_ANK_W64\WebRoot\Vhosts\web\thinkphp\lang\zh-cn.php
[ info ] [ ROUTE ] array (
  'type' => 'module',
  'module' => 
  array (
    0 => '',
    1 => NULL,
    2 => NULL,
  ),
)
[ info ] [ HEADER ] array (
  'connection' => 'close',
  'content-length' => '0',
  'user-agent' => 'Mozilla/5.0 (Windows NT 10.0; WOW64) AppleWebKit/537.36 (KHTML, like Gecko) Chrome/52.0.2743.116 Safari/537.36',
  'host' => '103.45.103.50:80',
)
[ info ] [ PARAM ] array (
)
[ info ] [ DB ] INIT mysql
[ info ] [ SESSION ] INIT array (
  'id' => '',
  'var_session_id' => '',
  'prefix' => 'think',
  'type' => '',
  'auto_start' => true,
)
[ info ] [ LOG ] INIT File
[ sql ] [ DB ] CONNECT:[ UseTime:0.002451s ] mysql:host=127.0.0.1;port=3306;dbname=anzhiquan1201_db;charset=utf8
[ sql ] [ SQL ] SHOW COLUMNS FROM `ysk_config` [ RunTime:0.002016s ]
[ sql ] [ SQL ] SELECT `name`,`value` FROM `ysk_config` WHERE  `group` = 1 [ RunTime:0.000872s ]
[ sql ] [ SQL ] SELECT `value`,`tip` FROM `ysk_config` WHERE  `name` = 'TOGGLE_WEB_SITE' LIMIT 1 [ RunTime:0.000615s ]
---------------------------------------------------------------
[ 2018-04-10T23:41:06+08:00 ] 103.45.103.50 187.35.14.14 GET /
[ info ] 103.45.103.50:80/ [运行时间：0.094192s][吞吐率：10.62req/s] [内存消耗：3,694.88kb] [文件加载：59]
[ info ] [ LANG ] D:\UPUPW_ANK_W64\WebRoot\Vhosts\web\thinkphp\lang\zh-cn.php
[ info ] [ ROUTE ] array (
  'type' => 'module',
  'module' => 
  array (
    0 => '',
    1 => NULL,
    2 => NULL,
  ),
)
[ info ] [ HEADER ] array (
  'connection' => 'close',
  'content-length' => '0',
  'user-agent' => 'Mozilla/5.0 (Windows NT 10.0; WOW64) AppleWebKit/537.36 (KHTML, like Gecko) Chrome/52.0.2743.116 Safari/537.36',
  'host' => '103.45.103.50:80',
)
[ info ] [ PARAM ] array (
)
[ info ] [ DB ] INIT mysql
[ info ] [ SESSION ] INIT array (
  'id' => '',
  'var_session_id' => '',
  'prefix' => 'think',
  'type' => '',
  'auto_start' => true,
)
[ info ] [ LOG ] INIT File
[ sql ] [ DB ] CONNECT:[ UseTime:0.002947s ] mysql:host=127.0.0.1;port=3306;dbname=anzhiquan1201_db;charset=utf8
[ sql ] [ SQL ] SHOW COLUMNS FROM `ysk_config` [ RunTime:0.002362s ]
[ sql ] [ SQL ] SELECT `name`,`value` FROM `ysk_config` WHERE  `group` = 1 [ RunTime:0.000928s ]
[ sql ] [ SQL ] SELECT `value`,`tip` FROM `ysk_config` WHERE  `name` = 'TOGGLE_WEB_SITE' LIMIT 1 [ RunTime:0.000800s ]
